This is pdfTeX, Version 3.141592653-2.6-1.40.25 (MiKTeX 23.4) (preloaded format=pdflatex 2023.7.18)  18 JUL 2023 18:55
entering extended mode
 restricted \write18 enabled.
 %&-line parsing enabled.
**./refman.tex
(refman.tex
LaTeX2e <2022-11-01> patch level 1
L3 programming layer <2023-03-30> (D:\miktex\tex/latex/base\book.cls
Document Class: book 2022/07/02 v1.4n Standard LaTeX document class
(D:\miktex\tex/latex/base\bk10.clo
File: bk10.clo 2022/07/02 v1.4n Standard LaTeX file (size option)
)
\c@part=\count185
\c@chapter=\count186
\c@section=\count187
\c@subsection=\count188
\c@subsubsection=\count189
\c@paragraph=\count190
\c@subparagraph=\count191
\c@figure=\count192
\c@table=\count193
\abovecaptionskip=\skip48
\belowcaptionskip=\skip49
\bibindent=\dimen140
) (D:\miktex\tex/latex/base\ifthen.sty
Package: ifthen 2022/04/13 v1.1d Standard LaTeX ifthen package (DPC)
)
(D:\miktex\tex/latex/tools\array.sty
Rollback for package 'array' requested -> date 2016-10-06.
         Best approximation is the release introduced on 2016-10-06.

(D:\miktex\tex/latex/tools\array-2016-10-06.sty
Package: array 2016/10/06 v2.4d Tabular extension package (FMi)
\col@sep=\dimen141
\extrarowheight=\dimen142
\NC@list=\toks16
\extratabsurround=\skip50
\backup@length=\skip51
))
(D:\miktex\tex/generic/infwarerr\infwarerr.sty
package info suppressed
) (doxygen.sty
Package: doxygen 

(D:\miktex\tex/latex/base\alltt.sty
Package: alltt 2021/01/29 v2.0g defines alltt environment
) (D:\miktex\tex/latex/tools\calc.sty
Package: calc 2017/05/25 v4.3 Infix arithmetic (KKT,FJ)
\calc@Acount=\count194
\calc@Bcount=\count195
\calc@Adimen=\dimen143
\calc@Bdimen=\dimen144
\calc@Askip=\skip52
\calc@Bskip=\skip53
LaTeX Info: Redefining \setlength on input line 80.
LaTeX Info: Redefining \addtolength on input line 81.
\calc@Ccount=\count196
\calc@Cskip=\skip54
)
(D:\miktex\tex/latex/float\float.sty
Package: float 2001/11/08 v1.3d Float enhancements (AL)
\c@float@type=\count197
\float@exts=\toks17
\float@box=\box51
\@float@everytoks=\toks18
\@floatcapt=\box52
) (D:\miktex\tex/latex/tools\verbatim.sty
Package: verbatim 2022-07-02 v1.5u LaTeX2e package for verbatim enhancements
\every@verbatim=\toks19
\verbatim@line=\toks20
\verbatim@in@stream=\read2
)
(D:\miktex\tex/latex/xcolor\xcolor.sty
Package: xcolor 2022/06/12 v2.14 LaTeX color extensions (UK)

(D:\miktex\tex/latex/graphics-cfg\color.cfg
File: color.cfg 2016/01/02 v1.6 sample color configuration
)
Package xcolor Info: Driver file: pdftex.def on input line 227.

(D:\miktex\tex/latex/graphics-def\pdftex.def
File: pdftex.def 2022/09/22 v1.2b Graphics/color driver for pdftex
)
(D:\miktex\tex/latex/colortbl\colortbl.sty
Package: colortbl 2022/06/20 v1.0f Color table columns (DPC)
\everycr=\toks21
\minrowclearance=\skip55
\rownum=\count198
)
(D:\miktex\tex/latex/graphics\mathcolor.ltx)
Package xcolor Info: Model `cmy' substituted by `cmy0' on input line 1353.
Package xcolor Info: Model `hsb' substituted by `rgb' on input line 1357.
Package xcolor Info: Model `RGB' extended on input line 1369.
Package xcolor Info: Model `HTML' substituted by `rgb' on input line 1371.
Package xcolor Info: Model `Hsb' substituted by `hsb' on input line 1372.
Package xcolor Info: Model `tHsb' substituted by `hsb' on input line 1373.
Package xcolor Info: Model `HSB' substituted by `hsb' on input line 1374.
Package xcolor Info: Model `Gray' substituted by `gray' on input line 1375.
Package xcolor Info: Model `wave' substituted by `hsb' on input line 1376.
) (longtable_doxygen.sty
Package: longtable_doxygen 2014/10/28 v4.11 Multi-page Table package (DPC) - fr
ozen version for doxygen
\LTleft=\skip56
\LTright=\skip57
\LTpre=\skip58
\LTpost=\skip59
\LTchunksize=\count199
\LTcapwidth=\dimen145
\LT@head=\box53
\LT@firsthead=\box54
\LT@foot=\box55
\LT@lastfoot=\box56
\LT@cols=\count266
\LT@rows=\count267
\c@LT@tables=\count268
\c@LT@chunks=\count269
\LT@p@ftn=\toks22
)
(tabu_doxygen.sty
Package: tabu_doxygen 2011/02/26 v2.8 - flexible LaTeX tabulars (FC), frozen ve
rsion for doxygen
 (D:\miktex\tex/latex/varwidth\varwidth.sty
Package: varwidth 2009/03/30 ver 0.92;  Variable-width minipages
\@vwid@box=\box57
\sift@deathcycles=\count270
\@vwid@loff=\dimen146
\@vwid@roff=\dimen147
)
\c@taburow=\count271
\tabu@nbcols=\count272
\tabu@cnt=\count273
\tabu@Xcol=\count274
\tabu@alloc=\count275
\tabu@nested=\count276
\tabu@target=\dimen148
\tabu@spreadtarget=\dimen149
\tabu@naturalX=\dimen150
\tabucolX=\dimen151
\tabu@Xsum=\dimen152
\extrarowdepth=\dimen153
\abovetabulinesep=\dimen154
\belowtabulinesep=\dimen155
\tabustrutrule=\dimen156
\tabu@thebody=\toks23
\tabu@footnotes=\toks24
\tabu@box=\box58
\tabu@arstrutbox=\box59
\tabu@hleads=\box60
\tabu@vleads=\box61
\tabu@cellskip=\skip60
)
(D:\miktex\tex/latex/fancyvrb\fancyvrb.sty
Package: fancyvrb 2023/01/19 4.5a verbatim text (tvz,hv)

(D:\miktex\tex/latex/graphics\keyval.sty
Package: keyval 2022/05/29 v1.15 key=value parser (DPC)
\KV@toks@=\toks25
)
\FV@CodeLineNo=\count277
\FV@InFile=\read3
\FV@TabBox=\box62
\c@FancyVerbLine=\count278
\FV@StepNumber=\count279
\FV@OutFile=\write3
)
(D:\miktex\tex/latex/tools\tabularx.sty
Package: tabularx 2020/01/15 v2.11c `tabularx' package (DPC)
\TX@col@width=\dimen157
\TX@old@table=\dimen158
\TX@old@col=\dimen159
\TX@target=\dimen160
\TX@delta=\dimen161
\TX@cols=\count280
\TX@ftn=\toks26
)
(D:\miktex\tex/latex/tools\multicol.sty
Package: multicol 2021/11/30 v1.9d multicolumn formatting (FMi)
\c@tracingmulticols=\count281
\mult@box=\box63
\multicol@leftmargin=\dimen162
\c@unbalance=\count282
\c@collectmore=\count283
\doublecol@number=\count284
\multicoltolerance=\count285
\multicolpretolerance=\count286
\full@width=\dimen163
\page@free=\dimen164
\premulticols=\dimen165
\postmulticols=\dimen166
\multicolsep=\skip61
\multicolbaselineskip=\skip62
\partial@page=\box64
\last@line=\box65
\maxbalancingoverflow=\dimen167
\mult@rightbox=\box66
\mult@grightbox=\box67
\mult@firstbox=\box68
\mult@gfirstbox=\box69
\@tempa=\box70
\@tempa=\box71
\@tempa=\box72
\@tempa=\box73
\@tempa=\box74
\@tempa=\box75
\@tempa=\box76
\@tempa=\box77
\@tempa=\box78
\@tempa=\box79
\@tempa=\box80
\@tempa=\box81
\@tempa=\box82
\@tempa=\box83
\@tempa=\box84
\@tempa=\box85
\@tempa=\box86
\@tempa=\box87
\@tempa=\box88
\@tempa=\box89
\@tempa=\box90
\@tempa=\box91
\@tempa=\box92
\@tempa=\box93
\@tempa=\box94
\@tempa=\box95
\@tempa=\box96
\@tempa=\box97
\@tempa=\box98
\@tempa=\box99
\@tempa=\box100
\@tempa=\box101
\@tempa=\box102
\@tempa=\box103
\@tempa=\box104
\@tempa=\box105
\c@minrows=\count287
\c@columnbadness=\count288
\c@finalcolumnbadness=\count289
\last@try=\dimen168
\multicolovershoot=\dimen169
\multicolundershoot=\dimen170
\mult@nat@firstbox=\box106
\colbreak@box=\box107
\mc@col@check@num=\count290
)
(D:\miktex\tex/latex/multirow\multirow.sty
Package: multirow 2021/03/15 v2.8 Span multiple rows of a table
\multirow@colwidth=\skip63
\multirow@cntb=\count291
\multirow@dima=\skip64
\bigstrutjot=\dimen171
)
(D:\miktex\tex/latex/hanging\hanging.sty
Package: hanging 2009/09/02 v1.2b hanging paragraphs and punctuation
\h@ngcommawd=\skip65
\h@ngfstopwd=\skip66
\h@ngquotewd=\skip67
\h@ngdquotewd=\skip68
\h@ngquerywd=\skip69
\h@ngexclwd=\skip70
\h@ngcolonwd=\skip71
\h@ngscolonwd=\skip72
)
(D:\miktex\tex/generic/iftex\ifpdf.sty
Package: ifpdf 2019/10/25 v3.4 ifpdf legacy package. Use iftex instead.
 (D:\miktex\tex/generic/iftex\iftex.sty
Package: iftex 2022/02/03 v1.0f TeX engine tests
)) (D:\miktex\tex/latex/adjustbox\adjustbox.sty
Package: adjustbox 2022/10/17 v1.3a Adjusting TeX boxes (trim, clip, ...)

(D:\miktex\tex/latex/xkeyval\xkeyval.sty
Package: xkeyval 2022/06/16 v2.9 package option processing (HA)

(D:\miktex\tex/generic/xkeyval\xkeyval.tex
(D:\miktex\tex/generic/xkeyval\xkvutils.tex
\XKV@toks=\toks27
\XKV@tempa@toks=\toks28
)
\XKV@depth=\count292
File: xkeyval.tex 2014/12/03 v2.7a key=value parser (HA)
))
(D:\miktex\tex/latex/adjustbox\adjcalc.sty
Package: adjcalc 2012/05/16 v1.1 Provides advanced setlength with multiple back
-ends (calc, etex, pgfmath)
)
(D:\miktex\tex/latex/adjustbox\trimclip.sty
Package: trimclip 2020/08/19 v1.2 Trim and clip general TeX material

(D:\miktex\tex/latex/graphics\graphicx.sty
Package: graphicx 2021/09/16 v1.2d Enhanced LaTeX Graphics (DPC,SPQR)

(D:\miktex\tex/latex/graphics\graphics.sty
Package: graphics 2022/03/10 v1.4e Standard LaTeX Graphics (DPC,SPQR)

(D:\miktex\tex/latex/graphics\trig.sty
Package: trig 2021/08/11 v1.11 sin cos tan (DPC)
)
(D:\miktex\tex/latex/graphics-cfg\graphics.cfg
File: graphics.cfg 2016/06/04 v1.11 sample graphics configuration
)
Package graphics Info: Driver file: pdftex.def on input line 107.
)
\Gin@req@height=\dimen172
\Gin@req@width=\dimen173
)
(D:\miktex\tex/latex/collectbox\collectbox.sty
Package: collectbox 2022/10/17 v0.4c Collect macro arguments as boxes
\collectedbox=\box108
)
\tc@llx=\dimen174
\tc@lly=\dimen175
\tc@urx=\dimen176
\tc@ury=\dimen177
Package trimclip Info: Using driver 'tc-pdftex.def'.

(D:\miktex\tex/latex/adjustbox\tc-pdftex.def
File: tc-pdftex.def 2019/01/04 v2.2 Clipping driver for pdftex
))
\adjbox@Width=\dimen178
\adjbox@Height=\dimen179
\adjbox@Depth=\dimen180
\adjbox@Totalheight=\dimen181
\adjbox@pwidth=\dimen182
\adjbox@pheight=\dimen183
\adjbox@pdepth=\dimen184
\adjbox@ptotalheight=\dimen185

(D:\miktex\tex/latex/ifoddpage\ifoddpage.sty
Package: ifoddpage 2022/10/18 v1.2 Conditionals for odd/even page detection
\c@checkoddpage=\count293
))
(D:\miktex\tex/latex/amsfonts\amssymb.sty
Package: amssymb 2013/01/14 v3.01 AMS font symbols

(D:\miktex\tex/latex/amsfonts\amsfonts.sty
Package: amsfonts 2013/01/14 v3.01 Basic AMSFonts support
\@emptytoks=\toks29
\symAMSa=\mathgroup4
\symAMSb=\mathgroup5
LaTeX Font Info:    Redeclaring math symbol \hbar on input line 98.
LaTeX Font Info:    Overwriting math alphabet `\mathfrak' in version `bold'
(Font)                  U/euf/m/n --> U/euf/b/n on input line 106.
))
(D:\miktex\tex/latex/stackengine\stackengine.sty
Package: stackengine 2021/07/22 v4.11\ Stacking text and objects in convenient 
ways

(D:\miktex\tex/latex/etoolbox\etoolbox.sty
Package: etoolbox 2020/10/05 v2.5k e-TeX tools for LaTeX (JAW)
\etb@tempcnta=\count294
)
(D:\miktex\tex/latex/listofitems\listofitems.sty
(D:\miktex\tex/generic/listofitems\listofitems.tex
\loi_cnt_foreach_nest=\count295
\loi_nestcnt=\count296
)
Package: listofitems 2019/08/21 v1.63 Grab items in lists using user-specified 
sep char (CT)
)
\c@@stackindex=\count297
\@boxshift=\skip73
\stack@tmplength=\skip74
\temp@stkl=\skip75
\@stackedboxwidth=\skip76
\@addedbox=\box109
\@anchorbox=\box110
\@insetbox=\box111
\se@backgroundbox=\box112
\stackedbox=\box113
\@centerbox=\box114
\c@ROWcellindex@=\count298
)
(D:\miktex\tex/latex/enumitem\enumitem.sty
Package: enumitem 2019/06/20 v3.9 Customized lists
\labelindent=\skip77
\enit@outerparindent=\dimen186
\enit@toks=\toks30
\enit@inbox=\box115
\enit@count@id=\count299
\enitdp@description=\count300
)
(D:\miktex\tex/generic/alphalph\alphalph.sty
Package: alphalph 2019/12/09 v2.6 Convert numbers to letters (HO)

(D:\miktex\tex/generic/intcalc\intcalc.sty
Package: intcalc 2019/12/15 v1.3 Expandable calculations with integers (HO)
)) (D:\miktex\tex/latex/ulem\ulem.sty
\UL@box=\box116
\UL@hyphenbox=\box117
\UL@skip=\skip78
\UL@hook=\toks31
\UL@height=\dimen187
\UL@pe=\count301
\UL@pixel=\dimen188
\ULC@box=\box118
Package: ulem 2019/11/18
\ULdepth=\dimen189
)
\xrefbox=\box119
\xreflength=\skip79
\CodeWidthChar=\skip80
\CodeHeightChar=\skip81
\DoxyCodeWidth=\skip82
\c@DoxyEnumeratei=\count302
\c@DoxyEnumerateii=\count303
\c@DoxyEnumerateiii=\count304
\c@DoxyEnumerateiv=\count305
\c@DoxyEnumeratev=\count306
\c@DoxyEnumeratevi=\count307
\c@DoxyEnumeratevii=\count308
\c@DoxyEnumerateviii=\count309
\c@DoxyEnumerateix=\count310
\c@DoxyEnumeratex=\count311
\c@DoxyEnumeratexi=\count312
\c@DoxyEnumeratexii=\count313
\enitdp@DoxyEnumerate=\count314
\enitdp@DoxyItemize=\count315
\c@subsubsubsection=\count316
\c@subsubsubsubsection=\count317
\c@subsubsubsubsubsection=\count318
\c@subsubsubsubsubsubsection=\count319
) (D:\miktex\tex/latex/base\inputenc.sty
Package: inputenc 2021/02/14 v1.3d Input encoding file
\inpenc@prehook=\toks32
\inpenc@posthook=\toks33
)
(D:\miktex\tex/latex/base\makeidx.sty
Package: makeidx 2021/10/04 v1.0m Standard LaTeX package
) (D:\miktex\tex/latex/base\textcomp.sty
Package: textcomp 2020/02/02 v2.0n Standard LaTeX package
)
(D:\miktex\tex/latex/wasysym\wasysym.sty
Package: wasysym 2020/01/19 v2.4 Wasy-2 symbol support package
\symwasy=\mathgroup6
LaTeX Font Info:    Overwriting symbol font `wasy' in version `bold'
(Font)                  U/wasy/m/n --> U/wasy/b/n on input line 93.
)
(D:\miktex\tex/generic/iftex\ifxetex.sty
Package: ifxetex 2019/10/25 v0.7 ifxetex legacy package. Use iftex instead.
) (D:\miktex\tex/latex/base\fontenc.sty
Package: fontenc 2021/04/29 v2.0v Standard LaTeX package
) (D:\miktex\tex/latex/psnfss\helvet.sty
Package: helvet 2020/03/25 PSNFSS-v9.3 (WaS) 
)
(D:\miktex\tex/latex/psnfss\courier.sty
Package: courier 2020/03/25 PSNFSS-v9.3 (WaS) 
)
(D:\miktex\tex/latex/geometry\geometry.sty
Package: geometry 2020/01/02 v5.9 Page Geometry

(D:\miktex\tex/generic/iftex\ifvtex.sty
Package: ifvtex 2019/10/25 v1.7 ifvtex legacy package. Use iftex instead.
)
\Gm@cnth=\count320
\Gm@cntv=\count321
\c@Gm@tempcnt=\count322
\Gm@bindingoffset=\dimen190
\Gm@wd@mp=\dimen191
\Gm@odd@mp=\dimen192
\Gm@even@mp=\dimen193
\Gm@layoutwidth=\dimen194
\Gm@layoutheight=\dimen195
\Gm@layouthoffset=\dimen196
\Gm@layoutvoffset=\dimen197
\Gm@dimlist=\toks34

(D:\miktex\tex/latex/geometry\geometry.cfg))
(D:\miktex\tex/latex/changepage\changepage.sty
Package: changepage 2009/10/20 v1.0c check page and change page layout
\c@cp@cntr=\count323
\cp@tempcnt=\count324
LaTeX Info: Redefining \checkoddpage on input line 59.
)
(D:\miktex\tex/latex/fancyhdr\fancyhdr.sty
Package: fancyhdr 2022/11/09 v4.1 Extensive control of page headers and footers

\f@nch@headwidth=\skip83
\f@nch@O@elh=\skip84
\f@nch@O@erh=\skip85
\f@nch@O@olh=\skip86
\f@nch@O@orh=\skip87
\f@nch@O@elf=\skip88
\f@nch@O@erf=\skip89
\f@nch@O@olf=\skip90
\f@nch@O@orf=\skip91
)
(D:\miktex\tex/latex/natbib\natbib.sty
Package: natbib 2010/09/13 8.31b (PWD, AO)
\bibhang=\skip92
\bibsep=\skip93
LaTeX Info: Redefining \cite on input line 694.
\c@NAT@ctr=\count325
)
(D:\miktex\tex/latex/tocloft\tocloft.sty
Package: tocloft 2017/08/31 v2.3i parameterised ToC, etc., typesetting
Package tocloft Info: The document has chapter divisions on input line 51.
\cftparskip=\skip94
\cftbeforetoctitleskip=\skip95
\cftaftertoctitleskip=\skip96
\cftbeforepartskip=\skip97
\cftpartnumwidth=\skip98
\cftpartindent=\skip99
\cftbeforechapskip=\skip100
\cftchapindent=\skip101
\cftchapnumwidth=\skip102
\cftbeforesecskip=\skip103
\cftsecindent=\skip104
\cftsecnumwidth=\skip105
\cftbeforesubsecskip=\skip106
\cftsubsecindent=\skip107
\cftsubsecnumwidth=\skip108
\cftbeforesubsubsecskip=\skip109
\cftsubsubsecindent=\skip110
\cftsubsubsecnumwidth=\skip111
\cftbeforeparaskip=\skip112
\cftparaindent=\skip113
\cftparanumwidth=\skip114
\cftbeforesubparaskip=\skip115
\cftsubparaindent=\skip116
\cftsubparanumwidth=\skip117
\cftbeforeloftitleskip=\skip118
\cftafterloftitleskip=\skip119
\cftbeforefigskip=\skip120
\cftfigindent=\skip121
\cftfignumwidth=\skip122
\c@lofdepth=\count326
\c@lotdepth=\count327
\cftbeforelottitleskip=\skip123
\cftafterlottitleskip=\skip124
\cftbeforetabskip=\skip125
\cfttabindent=\skip126
\cfttabnumwidth=\skip127
)
\@indexfile=\write4
\openout4 = `refman.idx'.


Writing index file refman.idx
(D:\miktex\tex/latex/newunicodechar\newunicodechar.sty
Package: newunicodechar 2018/04/08 v1.2 Defining Unicode characters
)
(D:\miktex\tex/latex/hyperref\hyperref.sty
Package: hyperref 2023-02-07 v7.00v Hypertext links for LaTeX

(D:\miktex\tex/generic/ltxcmds\ltxcmds.sty
Package: ltxcmds 2020-05-10 v1.25 LaTeX kernel commands for general use (HO)
)
(D:\miktex\tex/generic/pdftexcmds\pdftexcmds.sty
Package: pdftexcmds 2020-06-27 v0.33 Utility functions of pdfTeX for LuaTeX (HO
)
Package pdftexcmds Info: \pdf@primitive is available.
Package pdftexcmds Info: \pdf@ifprimitive is available.
Package pdftexcmds Info: \pdfdraftmode found.
)
(D:\miktex\tex/latex/kvsetkeys\kvsetkeys.sty
Package: kvsetkeys 2022-10-05 v1.19 Key value parser (HO)
)
(D:\miktex\tex/generic/kvdefinekeys\kvdefinekeys.sty
Package: kvdefinekeys 2019-12-19 v1.6 Define keys (HO)
)
(D:\miktex\tex/generic/pdfescape\pdfescape.sty
Package: pdfescape 2019/12/09 v1.15 Implements pdfTeX's escape features (HO)
)
(D:\miktex\tex/latex/hycolor\hycolor.sty
Package: hycolor 2020-01-27 v1.10 Color options for hyperref/bookmark (HO)
)
(D:\miktex\tex/latex/letltxmacro\letltxmacro.sty
Package: letltxmacro 2019/12/03 v1.6 Let assignment for LaTeX macros (HO)
)
(D:\miktex\tex/latex/auxhook\auxhook.sty
Package: auxhook 2019-12-17 v1.6 Hooks for auxiliary files (HO)
)
(D:\miktex\tex/latex/hyperref\nameref.sty
Package: nameref 2022-05-17 v2.50 Cross-referencing by name of section

(D:\miktex\tex/latex/refcount\refcount.sty
Package: refcount 2019/12/15 v3.6 Data extraction from label references (HO)
)
(D:\miktex\tex/generic/gettitlestring\gettitlestring.sty
Package: gettitlestring 2019/12/15 v1.6 Cleanup title references (HO)

(D:\miktex\tex/latex/kvoptions\kvoptions.sty
Package: kvoptions 2022-06-15 v3.15 Key value format for package options (HO)
))
\c@section@level=\count328
)
\@linkdim=\dimen198
\Hy@linkcounter=\count329
\Hy@pagecounter=\count330

(D:\miktex\tex/latex/hyperref\pd1enc.def
File: pd1enc.def 2023-02-07 v7.00v Hyperref: PDFDocEncoding definition (HO)
Now handling font encoding PD1 ...
... no UTF-8 mapping file for font encoding PD1
)
(D:\miktex\tex/generic/etexcmds\etexcmds.sty
Package: etexcmds 2019/12/15 v1.7 Avoid name clashes with e-TeX commands (HO)
)
\Hy@SavedSpaceFactor=\count331

(D:\miktex\tex/latex/hyperref\puenc.def
File: puenc.def 2023-02-07 v7.00v Hyperref: PDF Unicode definition (HO)
Now handling font encoding PU ...
... no UTF-8 mapping file for font encoding PU
)
Package hyperref Info: Hyper figures OFF on input line 4177.
Package hyperref Info: Link nesting OFF on input line 4182.
Package hyperref Info: Hyper index ON on input line 4185.
Package hyperref Info: Plain pages OFF on input line 4192.
Package hyperref Info: Backreferencing ON on input line 4195.
Package hyperref Info: Implicit mode ON; LaTeX internals redefined.
Package hyperref Info: Bookmarks ON on input line 4425.

(D:\miktex\tex/latex/hyperref\backref.sty
Package: backref 2021/02/04 v1.41 Bibliographical back referencing

(D:\miktex\tex/latex/rerunfilecheck\rerunfilecheck.sty
Package: rerunfilecheck 2022-07-10 v1.10 Rerun checks for auxiliary files (HO)

(D:\miktex\tex/latex/base\atveryend-ltx.sty
Package: atveryend-ltx 2020/08/19 v1.0a Emulation of the original atveryend pac
kage
with kernel methods
)
(D:\miktex\tex/generic/uniquecounter\uniquecounter.sty
Package: uniquecounter 2019/12/15 v1.4 Provide unlimited unique counter (HO)

(D:\miktex\tex/generic/bigintcalc\bigintcalc.sty
Package: bigintcalc 2019/12/15 v1.5 Expandable calculations on big integers (HO
)
))
Package uniquecounter Info: New unique counter `rerunfilecheck' on input line 2
85.
))
\c@Hy@tempcnt=\count332

(D:\miktex\tex/latex/url\url.sty
\Urlmuskip=\muskip16
Package: url 2013/09/16  ver 3.4  Verb mode for urls, etc.
)
LaTeX Info: Redefining \url on input line 4763.
\XeTeXLinkMargin=\dimen199
 (D:\miktex\tex/generic/bitset\bitset.sty
Package: bitset 2019/12/09 v1.3 Handle bit-vector datatype (HO)
)
\Fld@menulength=\count333
\Field@Width=\dimen256
\Fld@charsize=\dimen257
Package hyperref Info: Hyper figures OFF on input line 6042.
Package hyperref Info: Link nesting OFF on input line 6047.
Package hyperref Info: Hyper index ON on input line 6050.
Package hyperref Info: backreferencing ON on input line 6055.
Package hyperref Info: Link coloring OFF on input line 6062.
Package hyperref Info: Link coloring with OCG OFF on input line 6067.
Package hyperref Info: PDF/A mode OFF on input line 6072.

(D:\miktex\tex/latex/base\atbegshi-ltx.sty
Package: atbegshi-ltx 2021/01/10 v1.0c Emulation of the original atbegshi
package with kernel methods
)
\Hy@abspage=\count334
\c@Item=\count335
\c@Hfootnote=\count336
)
Package hyperref Info: Driver: hpdftex.

(D:\miktex\tex/latex/hyperref\hpdftex.def
File: hpdftex.def 2023-02-07 v7.00v Hyperref driver for pdfTeX
\Fld@listcount=\count337
\c@bookmark@seq@number=\count338
\Hy@SectionHShift=\skip128
)
Package hyperref Info: Option `colorlinks' set `true' on input line 161.
Package hyperref Info: Option `unicode' set `true' on input line 161.

(D:\miktex\tex/latex/caption\caption.sty
Package: caption 2023/03/12 v3.6j Customizing captions (AR)

(D:\miktex\tex/latex/caption\caption3.sty
Package: caption3 2023/03/12 v2.4 caption3 kernel (AR)
\caption@tempdima=\dimen258
\captionmargin=\dimen259
\caption@leftmargin=\dimen260
\caption@rightmargin=\dimen261
\caption@width=\dimen262
\caption@indent=\dimen263
\caption@parindent=\dimen264
\caption@hangindent=\dimen265
Package caption Info: Standard document class detected.
)
\c@caption@flags=\count339
\c@continuedfloat=\count340
Package caption Info: changepage package is loaded.
\caption@adjustwidth@hsize=\dimen266
\caption@adjustwidth@linewidth=\dimen267
Package caption Info: float package is loaded.
Package caption Info: hyperref package is loaded.
Package caption Info: longtable package is loaded.

(D:\miktex\tex/latex/caption\ltcaption.sty
Package: ltcaption 2021/01/08 v1.4c longtable captions (AR)
)) (etoc_doxygen.sty
Package: etoc_doxygen 2023/05/01 v1.2a Completely customisable TOCs (JFB)
\Etoc@toctoks=\toks35
\c@etoc@tocid=\count341
\etoc@framed@titlebox=\box120
\etoc@framed@contentsbox=\box121
)
LaTeX Font Info:    Trying to load font information for T1+phv on input line 18
3.

(D:\miktex\tex/latex/psnfss\t1phv.fd
File: t1phv.fd 2020/03/25 scalable font definitions for T1/phv.
)
LaTeX Font Info:    Font shape `T1/phv/m/n' will be
(Font)              scaled to size 8.99994pt on input line 183.

(D:\miktex\tex/latex/l3backend\l3backend-pdftex.def
File: l3backend-pdftex.def 2023-03-30 L3 backend support: PDF output (pdfTeX)
\l__color_backend_stack_int=\count342
\l__pdf_internal_box=\box122
) (refman.aux)
\openout1 = `refman.aux'.

LaTeX Font Info:    Checking defaults for OML/cmm/m/it on input line 183.
LaTeX Font Info:    ... okay on input line 183.
LaTeX Font Info:    Checking defaults for OMS/cmsy/m/n on input line 183.
LaTeX Font Info:    ... okay on input line 183.
LaTeX Font Info:    Checking defaults for OT1/cmr/m/n on input line 183.
LaTeX Font Info:    ... okay on input line 183.
LaTeX Font Info:    Checking defaults for T1/cmr/m/n on input line 183.
LaTeX Font Info:    ... okay on input line 183.
LaTeX Font Info:    Checking defaults for TS1/cmr/m/n on input line 183.
LaTeX Font Info:    ... okay on input line 183.
LaTeX Font Info:    Checking defaults for OMX/cmex/m/n on input line 183.
LaTeX Font Info:    ... okay on input line 183.
LaTeX Font Info:    Checking defaults for U/cmr/m/n on input line 183.
LaTeX Font Info:    ... okay on input line 183.
LaTeX Font Info:    Checking defaults for PD1/pdf/m/n on input line 183.
LaTeX Font Info:    ... okay on input line 183.
LaTeX Font Info:    Checking defaults for PU/pdf/m/n on input line 183.
LaTeX Font Info:    ... okay on input line 183.

(D:\miktex\tex/context/base/mkii\supp-pdf.mkii
[Loading MPS to PDF converter (version 2006.09.02).]
\scratchcounter=\count343
\scratchdimen=\dimen268
\scratchbox=\box123
\nofMPsegments=\count344
\nofMParguments=\count345
\everyMPshowfont=\toks36
\MPscratchCnt=\count346
\MPscratchDim=\dimen269
\MPnumerator=\count347
\makeMPintoPDFobject=\count348
\everyMPtoPDFconversion=\toks37
) (D:\miktex\tex/latex/epstopdf-pkg\epstopdf-base.sty
Package: epstopdf-base 2020-01-24 v2.11 Base part for package epstopdf
Package epstopdf-base Info: Redefining graphics rule for `.eps' on input line 4
85.

(D:\miktex\tex/latex/00miktex\epstopdf-sys.cfg
File: epstopdf-sys.cfg 2021/03/18 v2.0 Configuration of epstopdf for MiKTeX
))
*geometry* driver: auto-detecting
*geometry* detected driver: pdftex
*geometry* verbose mode - [ preamble ] result:
* driver: pdftex
* paper: a4paper
* layout: <same size as paper>
* layoutoffset:(h,v)=(0.0pt,0.0pt)
* modes: twoside 
* h-part:(L,W,R)=(71.13188pt, 455.24411pt, 71.13188pt)
* v-part:(T,H,B)=(71.13188pt, 702.78308pt, 71.13188pt)
* \paperwidth=597.50787pt
* \paperheight=845.04684pt
* \textwidth=455.24411pt
* \textheight=702.78308pt
* \oddsidemargin=-1.1381pt
* \evensidemargin=-1.1381pt
* \topmargin=-31.2056pt
* \headheight=12.0pt
* \headsep=18.06749pt
* \topskip=10.0pt
* \footskip=25.29494pt
* \marginparwidth=125.0pt
* \marginparsep=7.0pt
* \columnsep=10.0pt
* \skip\footins=9.0pt plus 4.0pt minus 2.0pt
* \hoffset=0.0pt
* \voffset=0.0pt
* \mag=1000
* \@twocolumnfalse
* \@twosidetrue
* \@mparswitchtrue
* \@reversemarginfalse
* (1in=72.27pt=25.4mm, 1cm=28.453pt)

Package backref Info: ** backref set up for natbib ** on input line 183.
Package hyperref Info: Link coloring ON on input line 183.
(refman.out) (refman.out)
\@outlinefile=\write5
\openout5 = `refman.out'.

Package caption Info: Begin \AtBeginDocument code.
Package caption Info: End \AtBeginDocument code.
\Etoc@tf=\read4
Package hyperref Info: Option `pageanchor' set `false' on input line 191.
Package hyperref Info: Option `bookmarksnumbered' set `true' on input line 191.

Package hyperref Info: Option `unicode' set `true' on input line 191.
LaTeX Font Info:    Font shape `T1/phv/m/n' will be
(Font)              scaled to size 12.9599pt on input line 196.
LaTeX Font Info:    Font shape `T1/phv/m/n' will be
(Font)              scaled to size 10.79993pt on input line 198.
 [1


{C:/Users/BIGAJKA/AppData/Local/MiKTeX/fonts/map/pdftex/pdftex.map}{D:/miktex/f
onts/enc/dvips/base/8r.enc}] [2

]
\tf@toc=\write6
\openout6 = `refman.toc'.

LaTeX Font Info:    Font shape `T1/phv/b/n' will be
(Font)              scaled to size 8.99994pt on input line 204.
LaTeX Font Info:    Trying to load font information for U+msa on input line 204
.

(D:\miktex\tex/latex/amsfonts\umsa.fd
File: umsa.fd 2013/01/14 v3.01 AMS symbols A
)
LaTeX Font Info:    Trying to load font information for U+msb on input line 204
.
 (D:\miktex\tex/latex/amsfonts\umsb.fd
File: umsb.fd 2013/01/14 v3.01 AMS symbols B
)
LaTeX Font Info:    Trying to load font information for U+wasy on input line 20
4.

(D:\miktex\tex/latex/wasysym\uwasy.fd
File: uwasy.fd 2020/01/19 v2.4 Wasy-2 symbol font definitions
)
LaTeX Font Info:    Font shape `T1/phv/m/n' will be
(Font)              scaled to size 6.29996pt on input line 204.
LaTeX Font Info:    Font shape `T1/phv/b/n' will be
(Font)              scaled to size 6.29996pt on input line 204.
 [1] [2] [3]
LaTeX Font Info:    Font shape `T1/phv/m/n' will be
(Font)              scaled to size 7.19995pt on input line 204.
LaTeX Font Info:    Trying to load font information for T1+pcr on input line 20
4.

(D:\miktex\tex/latex/psnfss\t1pcr.fd
File: t1pcr.fd 2001/06/04 font definitions for T1/pcr.
) [4] [5] [6] [7] [8] [9] [10

]
Package hyperref Info: Option `pageanchor' set `true' on input line 207.

Chapter 1.
LaTeX Font Info:    Font shape `T1/phv/m/n' will be
(Font)              scaled to size 18.66588pt on input line 209.
LaTeX Font Info:    Font shape `T1/phv/b/n' will be
(Font)              scaled to size 18.66588pt on input line 209.
LaTeX Font Info:    Font shape `T1/phv/b/n' will be
(Font)              scaled to size 22.39185pt on input line 209.
(hierarchy.tex
LaTeX Font Info:    Font shape `T1/phv/b/n' will be
(Font)              scaled to size 12.9599pt on input line 1.
) [1

] [2

]
Chapter 2.
(annotated.tex [3]) [4]
Chapter 3.
(files.tex) [5

] [6

]
Chapter 4.
(class_czytacz_grafiku_pracy.tex <./class_czytacz_grafiku_pracy.pdf>
<class_czytacz_grafiku_pracy.pdf, id=2031, 501.875pt x 287.0725pt>
File: class_czytacz_grafiku_pracy.pdf Graphic file (type pdf)
<use class_czytacz_grafiku_pracy.pdf>
Package pdftex.def Info: class_czytacz_grafiku_pracy.pdf  used on input line 15
.
(pdftex.def)             Requested size: 99.4849pt x 56.9055pt.
LaTeX Font Info:    Font shape `T1/phv/b/n' will be
(Font)              scaled to size 10.79993pt on input line 19.
LaTeX Font Info:    Trying to load font information for TS1+phv on input line 2
2.

(D:\miktex\tex/latex/psnfss\ts1phv.fd
File: ts1phv.fd 2020/03/25 scalable font definitions for TS1/phv.
)
LaTeX Font Info:    Font shape `TS1/phv/m/n' will be
(Font)              scaled to size 8.99994pt on input line 22.
LaTeX Font Info:    Font shape `T1/phv/m/n' will be
(Font)              scaled to size 8.09995pt on input line 23.
LaTeX Font Info:    Font shape `T1/phv/m/it' in size <9> not available
(Font)              Font shape `T1/phv/m/sl' tried instead on input line 23.
LaTeX Font Info:    Font shape `T1/phv/m/sl' will be
(Font)              scaled to size 8.09995pt on input line 23.
LaTeX Font Info:    Font shape `T1/phv/m/it' in size <7> not available
(Font)              Font shape `T1/phv/m/sl' tried instead on input line 31.
LaTeX Font Info:    Font shape `T1/phv/m/sl' will be
(Font)              scaled to size 6.29996pt on input line 31.
 [7]) (class_czytacz_lekarza.tex <./class_czytacz_lekarza.pdf>
<class_czytacz_lekarza.pdf, id=2069, 501.875pt x 365.365pt>
File: class_czytacz_lekarza.pdf Graphic file (type pdf)
<use class_czytacz_lekarza.pdf>
Package pdftex.def Info: class_czytacz_lekarza.pdf  used on input line 15.
(pdftex.def)             Requested size: 78.16505pt x 56.9055pt.
) (class_czytacz_plikow.tex [8] <./class_czytacz_plikow.pdf>
<class_czytacz_plikow.pdf, id=2093, 501.875pt x 37.13875pt>
File: class_czytacz_plikow.pdf Graphic file (type pdf)
<use class_czytacz_plikow.pdf>
Package pdftex.def Info: class_czytacz_plikow.pdf  used on input line 15.
(pdftex.def)             Requested size: 387.97653pt x 28.7089pt.
LaTeX Font Info:    Font shape `T1/pcr/m/it' in size <8> not available
(Font)              Font shape `T1/pcr/m/sl' tried instead on input line 49.
LaTeX Font Info:    Font shape `T1/pcr/m/it' in size <7> not available
(Font)              Font shape `T1/pcr/m/sl' tried instead on input line 49.
 [9]
Underfull \hbox (badness 10000) detected at line 72
[][][]
 []


Overfull \hbox (1.47571pt too wide) in paragraph at lines 1--1
[]\T1/phv/m/sl/10 indeks[] 
 []


Underfull \hbox (badness 10000) detected at line 90
[][][]
 []

[10]
Underfull \hbox (badness 10000) detected at line 110
[][][]
 []


Underfull \hbox (badness 10000) detected at line 130
[][][]
 []

[11]
Underfull \hbox (badness 10000) detected at line 166
[][][]
 []


Underfull \hbox (badness 10000) detected at line 196
[][][]
 []

) (class_czytacz_uzytkownikow.tex <./class_czytacz_uzytkownikow.pdf>
<class_czytacz_uzytkownikow.pdf, id=2140, 501.875pt x 281.05pt>
File: class_czytacz_uzytkownikow.pdf Graphic file (type pdf)
<use class_czytacz_uzytkownikow.pdf>
Package pdftex.def Info: class_czytacz_uzytkownikow.pdf  used on input line 15.

(pdftex.def)             Requested size: 101.6138pt x 56.9055pt.
 [12]
Underfull \hbox (badness 10000) detected at line 60
[][][]
 []

[13]) (class_czytacz_wizyt.tex <./class_czytacz_wizyt.pdf>
<class_czytacz_wizyt.pdf, id=2173, 501.875pt x 398.48875pt>
File: class_czytacz_wizyt.pdf Graphic file (type pdf)
<use class_czytacz_wizyt.pdf>
Package pdftex.def Info: class_czytacz_wizyt.pdf  used on input line 15.
(pdftex.def)             Requested size: 71.66342pt x 56.9055pt.
 [14]
Underfull \hbox (badness 10000) detected at line 60
[][][]
 []

) (class_czytacz_wlasiciela_zwierzecia.tex <./class_czytacz_wlasiciela_zwierzec
ia.pdf>
<class_czytacz_wlasiciela_zwierzecia.pdf, id=2200, 501.875pt x 217.81375pt>
File: class_czytacz_wlasiciela_zwierzecia.pdf Graphic file (type pdf)
<use class_czytacz_wlasiciela_zwierzecia.pdf>
Package pdftex.def Info: class_czytacz_wlasiciela_zwierzecia.pdf  used on input
 line 15.
(pdftex.def)             Requested size: 131.11237pt x 56.9055pt.
 [15]) (class_czytacz_zwierzat.tex <./class_czytacz_zwierzat.pdf>
<class_czytacz_zwierzat.pdf, id=2222, 501.875pt x 352.31625pt>
File: class_czytacz_zwierzat.pdf Graphic file (type pdf)
<use class_czytacz_zwierzat.pdf>
Package pdftex.def Info: class_czytacz_zwierzat.pdf  used on input line 15.
(pdftex.def)             Requested size: 81.05977pt x 56.9055pt.

[16]
Underfull \hbox (badness 10000) detected at line 60
[][][]
 []

[17]) (class_data_godzina_wizyty.tex
Underfull \hbox (badness 10000) detected at line 45
[][][]
 []


Underfull \hbox (badness 10000) detected at line 58
[][][]
 []

[18]
Underfull \hbox (badness 10000) detected at line 71
[][][]
 []


Underfull \hbox (badness 10000) detected at line 84
[][][]
 []

) (class_godziny_pracy.tex [19]
Underfull \hbox (badness 10000) detected at line 45
[][][]
 []


Underfull \hbox (badness 10000) detected at line 58
[][][]
 []


Underfull \hbox (badness 10000) detected at line 71
[][][]
 []

[20]
Underfull \hbox (badness 10000) detected at line 84
[][][]
 []

) (class_kanarek.tex <./class_kanarek.pdf>
<class_kanarek.pdf, id=2293, 501.875pt x 600.2425pt>
File: class_kanarek.pdf Graphic file (type pdf)
<use class_kanarek.pdf>
Package pdftex.def Info: class_kanarek.pdf  used on input line 15.
(pdftex.def)             Requested size: 47.57906pt x 56.9055pt.
 [21] [22]) (class_kot.tex <./class_kot.pdf>
<class_kot.pdf, id=2363, 501.875pt x 609.27625pt>
File: class_kot.pdf Graphic file (type pdf)
<use class_kot.pdf>
Package pdftex.def Info: class_kot.pdf  used on input line 15.
(pdftex.def)             Requested size: 46.86687pt x 56.9055pt.
 [23] [24]) (class_lekarz.tex <./class_lekarz.pdf>
<class_lekarz.pdf, id=2418, 501.875pt x 489.83pt>
File: class_lekarz.pdf Graphic file (type pdf)
<use class_lekarz.pdf>
Package pdftex.def Info: class_lekarz.pdf  used on input line 15.
(pdftex.def)             Requested size: 58.30023pt x 56.9055pt.
 [25]
Underfull \hbox (badness 10000) detected at line 84
[][][]
 []

[26]
Underfull \hbox (badness 10000) detected at line 97
[][][]
 []


Underfull \hbox (badness 10000) detected at line 110
[][][]
 []


Underfull \hbox (badness 10000) detected at line 123
[][][]
 []

) (class_menu_lekarza.tex [27]
Underfull \hbox (badness 10000) detected at line 42
[][][]
 []

) (class_menu_logowania.tex [28]
Underfull \hbox (badness 10000) detected at line 70
[][][]
 []

) (class_menu_wlasiciela_zwierzecia.tex [29]
Underfull \hbox (badness 10000) detected at line 54
[][][]
 []


Underfull \hbox (badness 10000) detected at line 67
[][][]
 []

[30]
Underfull \hbox (badness 10000) detected at line 80
[][][]
 []


Underfull \hbox (badness 10000) detected at line 93
[][][]
 []

) (class_pajak.tex <./class_pajak.pdf>
<class_pajak.pdf, id=2534, 501.875pt x 609.27625pt>
File: class_pajak.pdf Graphic file (type pdf)
<use class_pajak.pdf>
Package pdftex.def Info: class_pajak.pdf  used on input line 15.
(pdftex.def)             Requested size: 46.86687pt x 56.9055pt.
 [31] [32]) (class_pies.tex <./class_pies.pdf>
<class_pies.pdf, id=2587, 501.875pt x 609.27625pt>
File: class_pies.pdf Graphic file (type pdf)
<use class_pies.pdf>
Package pdftex.def Info: class_pies.pdf  used on input line 15.
(pdftex.def)             Requested size: 46.86687pt x 56.9055pt.
 [33] [34]) (class_planer_wizyt.tex
Overfull \hbox (34.6265pt too wide) in paragraph at lines 29--29
[]\T1/phv/m/sl/9 Funkcja zwraca-jaca pier-wszy dostepny ter-min. Uzywa ona rozn
ych war-jacji metod [] 
 []

[35]
Underfull \hbox (badness 2245) in paragraph at lines 45--45
[]\T1/phv/m/sl/9 Funkcja zwraca-jaca nastepny dostepny dzien ty-god-nia Np. zal
aduj[]Nastepny[]Dzien[]Tygodnia([]Dni[]Tygodnia[]
 []


Underfull \hbox (badness 10000) in paragraph at lines 45--45
\T1/phv/m/sl/9 ::[]PONIEDZIALEK) -$\OML/cmm/m/it/9 >$ \T1/phv/m/sl/9 Dni[]Tygod
nia[]::[]WTOREK zaladuj[]Nastepny[]Dzien[]Tygodnia([]Dni[]Tygodnia[]::[]NIEDZIE
LA) -
 []


Underfull \hbox (badness 10000) in paragraph at lines 45--45
\OML/cmm/m/it/9 >$ \T1/phv/m/sl/9 Dni[]Tygodnia[]::[]PONIEDZIALEK zaladuj[]Nast
epny[]Dzien[]Tygodnia([]Dni[]Tygodnia[]::[]SOBOTA) -$\OML/cmm/m/it/9 >$ \T1/phv
/m/sl/9 Dni[]Tygodnia[]::[]
 []

[36]
Underfull \hbox (badness 10000) detected at line 107
[][][]
 []

[37]
Underfull \hbox (badness 10000) detected at line 127
[][][]
 []


Underfull \hbox (badness 10000) detected at line 147
[][][]
 []


Underfull \hbox (badness 10000) detected at line 160
[][][]
 []

[38]
Underfull \hbox (badness 10000) detected at line 180
[][][]
 []


Underfull \hbox (badness 10000) detected at line 202
[][][]
 []

[39]
Underfull \hbox (badness 10000) detected at line 222
[][][]
 []


Underfull \hbox (badness 10000) detected at line 242
[][][]
 []


Underfull \hbox (badness 10000) detected at line 262
[][][]
 []

[40]
Underfull \hbox (badness 10000) detected at line 285
[][][]
 []


Underfull \hbox (badness 10000) detected at line 298
[][][]
 []


Underfull \hbox (badness 10000) in paragraph at lines 329--330
\T1/pcr/m/n/8 unordered[]_[]map$\OML/cmm/m/it/8 <$ \T1/pcr/m/n/8 int, unordered
[]_[]map$\OML/cmm/m/it/8 <$ \T1/pcr/m/n/8 int, shared[]_[]ptr$\OML/cmm/m/it/8 <
$ [] $>$ $>$ $>$ \T1/pcr/m/n/8 Planer[]Wizyt[]::wygeneruj[]
 []

[41]
Underfull \hbox (badness 10000) detected at line 342
[][][]
 []


Underfull \hbox (badness 10000) detected at line 366
[][][]
 []


Underfull \hbox (badness 10000) detected at line 379
[][][]
 []

[42]
Underfull \hbox (badness 10000) detected at line 392
[][][]
 []

[43]
Underfull \hbox (badness 10000) detected at line 450
[][][]
 []


Underfull \hbox (badness 10000) detected at line 468
[][][]
 []


Underfull \hbox (badness 10000) detected at line 492
[][][]
 []

[44] [45]
Underfull \hbox (badness 10000) detected at line 510
[][][]
 []


Underfull \hbox (badness 10000) detected at line 528
[][][]
 []


Underfull \hbox (badness 1342) in paragraph at lines 544--545
[]\T1/phv/m/n/10 Funkcja zwraca-jaca nastepny dostepny dzien ty-god-nia Np. zal
aduj[]Nastepny[]Dzien[]Tygodnia([]Dni[]Tygodnia[]
 []


Underfull \hbox (badness 10000) in paragraph at lines 544--545
\T1/phv/m/n/10 ::[]PONIEDZIALEK) -$\OML/cmm/m/it/10 >$ \T1/phv/m/n/10 Dni[]Tygo
dnia[]::[]WTOREK zaladuj[]Nastepny[]Dzien[]Tygodnia([]Dni[]Tygodnia[]::[]NIEDZI
ELA) -
 []


Underfull \hbox (badness 4634) in paragraph at lines 544--545
\OML/cmm/m/it/10 >$ \T1/phv/m/n/10 Dni[]Tygodnia[]::[]PONIEDZIALEK zaladuj[]Nas
tepny[]Dzien[]Tygodnia([]Dni[]Tygodnia[]::[]SOBOTA) -$\OML/cmm/m/it/10 >$ \T1/p
hv/m/n/10 Dni[]Tygodnia[]::[]
 []


Underfull \hbox (badness 10000) detected at line 546
[][][]
 []

[46]
Underfull \hbox (badness 10000) detected at line 564
[][][]
 []


Underfull \hbox (badness 10000) detected at line 584
[][][]
 []


Underfull \hbox (badness 10000) detected at line 597
[][][]
 []


Overfull \vbox (3.48694pt too high) has occurred while \output is active []


[47]
LaTeX Font Info:    Font shape `T1/phv/b/n' will be
(Font)              scaled to size 7.19995pt on input line 608.

Underfull \hbox (badness 10000) detected at line 615
[][][]
 []


Underfull \hbox (badness 10000) detected at line 633
[][][]
 []


Underfull \hbox (badness 10000) detected at line 651
[][][]
 []

[48]
Underfull \hbox (badness 10000) detected at line 669
[][][]
 []


Overfull \hbox (45.47205pt too wide) in paragraph at lines 685--686
[]\T1/phv/m/n/10 Funkcja zwraca-jaca pier-wszy dostepny ter-min. Uzywa ona rozn
ych war-jacji metod [] 
 []


Underfull \hbox (badness 10000) detected at line 687
[][][]
 []

) (class_serwis_grafiku_pracy.tex [49]
Underfull \hbox (badness 10000) detected at line 41
[][][]
 []

) (class_serwis_lekarza.tex [50]
Underfull \hbox (badness 10000) detected at line 45
[][][]
 []


Underfull \hbox (badness 10000) detected at line 58
[][][]
 []


Underfull \hbox (badness 10000) detected at line 78
[][][]
 []

) (class_serwis_logowania_uzytkownika.tex [51]
Underfull \hbox (badness 10000) detected at line 45
[][][]
 []

[52]
Underfull \hbox (badness 10000) detected at line 63
[][][]
 []

) (class_serwis_uslug.tex [53]
Underfull \hbox (badness 10000) detected at line 46
[][][]
 []


Underfull \hbox (badness 10000) detected at line 64
[][][]
 []

) (class_serwis_wizyt.tex [54]
Underfull \hbox (badness 10000) detected at line 53
[][][]
 []


Underfull \hbox (badness 10000) detected at line 71
[][][]
 []


Underfull \hbox (badness 10000) detected at line 84
[][][]
 []

[55]
Underfull \hbox (badness 10000) detected at line 102
[][][]
 []


Underfull \hbox (badness 10000) detected at line 120
[][][]
 []

[56]
Underfull \hbox (badness 10000) detected at line 142
[][][]
 []


Underfull \hbox (badness 10000) detected at line 160
[][][]
 []

) (class_serwis_wlasiciela_zwierzecia.tex
Underfull \hbox (badness 10000) in paragraph at lines 16--17
[]\T1/phv/b/n/10 Serwis[]Wlasiciela[]Zwierzecia \T1/phv/m/n/10 (std[]::shared[]
_[]ptr$\OML/cmm/m/it/10 <$ [] $>$ \T1/phv/m/n/10 czytacz[]Wlasiciela[]
 []

[57]
Underfull \hbox (badness 10000) detected at line 43
[][][]
 []


Overfull \hbox (18.1601pt too wide) in paragraph at lines 50--51
\T1/pcr/m/n/8 std[]::shared[]_[]ptr$\OML/cmm/m/it/8 <$ [] $>$ \T1/pcr/m/n/8 Ser
wis[]Wlasiciela[]Zwierzecia[]::zaladuj[]Wlasciciela[]Zwierzecia[]
 []


Underfull \hbox (badness 10000) detected at line 61
[][][]
 []

) (class_serwis_zwierzat.tex [58]
Underfull \hbox (badness 10000) detected at line 63
[][][]
 []

[59]
Underfull \hbox (badness 10000) detected at line 111
[][][]
 []


Overfull \vbox (1.40843pt too high) has occurred while \output is active []


[60]
Underfull \hbox (badness 10000) detected at line 129
[][][]
 []


Underfull \hbox (badness 10000) detected at line 149
[][][]
 []

) (class_sesja_lekarza.tex
Underfull \hbox (badness 2503) in paragraph at lines 16--17
[]\T1/phv/b/n/10 Sesja[]Lekarza \T1/phv/m/n/10 (shared[]_[]ptr$\OML/cmm/m/it/10
 <$ [] $>$ \T1/phv/m/n/10 lekarz, shared[]_[]ptr$\OML/cmm/m/it/10 <$ [] $>$ \T1
/phv/m/n/10 serwis[]Wizyt, shared[]
 []


Underfull \hbox (badness 4673) in paragraph at lines 16--17
\T1/phv/m/n/10 _[]ptr$\OML/cmm/m/it/10 <$ [] $>$ \T1/phv/m/n/10 serwis[]Zwierza
t, shared[]_[]ptr$\OML/cmm/m/it/10 <$ [] $>$ \T1/phv/m/n/10 serwis[]Uslug, shar
ed[]_[]ptr$\OML/cmm/m/it/10 <$
 []

[61]
Underfull \hbox (badness 10000) detected at line 44
[][][]
 []


Underfull \hbox (badness 10000) detected at line 57
[][][]
 []


Underfull \hbox (badness 10000) detected at line 70
[][][]
 []


Underfull \hbox (badness 10000) detected at line 83
[][][]
 []


Underfull \hbox (badness 10000) detected at line 96
[][][]
 []

) (class_sesja_wlasciciela_zwierzecia.tex [62] [63]
Underfull \hbox (badness 10000) detected at line 71
[][][]
 []


Underfull \hbox (badness 10000) detected at line 84
[][][]
 []


Underfull \hbox (badness 10000) detected at line 97
[][][]
 []

[64]
Underfull \hbox (badness 10000) detected at line 110
[][][]
 []


Underfull \hbox (badness 10000) detected at line 123
[][][]
 []


Underfull \hbox (badness 10000) detected at line 136
[][][]
 []


Underfull \hbox (badness 10000) detected at line 149
[][][]
 []


Underfull \hbox (badness 10000) detected at line 162
[][][]
 []


Underfull \hbox (badness 10000) detected at line 175
[][][]
 []

[65]
Underfull \hbox (badness 10000) detected at line 188
[][][]
 []

[66] [67]) (class_sprawdzacz_liczb.tex
Underfull \hbox (badness 10000) detected at line 38
[][][]
 []

) (class_usluga.tex [68]
Underfull \hbox (badness 10000) detected at line 40
[][][]
 []


Underfull \hbox (badness 10000) detected at line 53
[][][]
 []


Underfull \hbox (badness 10000) detected at line 66
[][][]
 []

) (class_uzytkownik.tex [69] <./class_uzytkownik.pdf>
<class_uzytkownik.pdf, id=3169, 501.875pt x 143.53625pt>
File: class_uzytkownik.pdf Graphic file (type pdf)
<use class_uzytkownik.pdf>
Package pdftex.def Info: class_uzytkownik.pdf  used on input line 15.
(pdftex.def)             Requested size: 198.96979pt x 56.9055pt.
 [70]
Underfull \hbox (badness 10000) detected at line 52
[][][]
 []


Underfull \hbox (badness 10000) detected at line 65
[][][]
 []


Underfull \hbox (badness 10000) detected at line 78
[][][]
 []

) (class_waz.tex <./class_waz.pdf>
<class_waz.pdf, id=3192, 501.875pt x 609.27625pt>
File: class_waz.pdf Graphic file (type pdf)
<use class_waz.pdf>
Package pdftex.def Info: class_waz.pdf  used on input line 15.
(pdftex.def)             Requested size: 46.86687pt x 56.9055pt.
 [71] [72]) (class_wizyta.tex [73]
Underfull \hbox (badness 10000) detected at line 52
[][][]
 []


Underfull \hbox (badness 10000) detected at line 65
[][][]
 []


Underfull \hbox (badness 10000) detected at line 78
[][][]
 []


Underfull \hbox (badness 10000) detected at line 91
[][][]
 []


Underfull \hbox (badness 10000) detected at line 104
[][][]
 []

[74]
Underfull \hbox (badness 10000) detected at line 117
[][][]
 []


Underfull \hbox (badness 10000) detected at line 130
[][][]
 []


Underfull \hbox (badness 10000) detected at line 143
[][][]
 []


Underfull \hbox (badness 10000) detected at line 156
[][][]
 []

) (class_wlasciciel_zwierzecia.tex <./class_wlasciciel_zwierzecia.pdf>
<class_wlasciciel_zwierzecia.pdf, id=3279, 501.875pt x 287.0725pt>
File: class_wlasciciel_zwierzecia.pdf Graphic file (type pdf)
<use class_wlasciciel_zwierzecia.pdf>
Package pdftex.def Info: class_wlasciciel_zwierzecia.pdf  used on input line 15
.
(pdftex.def)             Requested size: 99.4849pt x 56.9055pt.
 [75]
[76]
Underfull \hbox (badness 10000) detected at line 77
[][][]
 []


Underfull \hbox (badness 10000) detected at line 90
[][][]
 []


Underfull \hbox (badness 10000) detected at line 103
[][][]
 []


Underfull \hbox (badness 10000) detected at line 116
[][][]
 []

[77]
Underfull \hbox (badness 10000) detected at line 129
[][][]
 []


Underfull \hbox (badness 10000) detected at line 142
[][][]
 []

[78] [79]) (class_zwierze.tex <./class_zwierze.pdf>
<class_zwierze.pdf, id=3342, 501.875pt x 120.45pt>
File: class_zwierze.pdf Graphic file (type pdf)
<use class_zwierze.pdf>
Package pdftex.def Info: class_zwierze.pdf  used on input line 15.
(pdftex.def)             Requested size: 237.10655pt x 56.9055pt.
 [80]
Underfull \hbox (badness 10000) detected at line 71
[][][]
 []

[81]
Underfull \hbox (badness 10000) detected at line 88
[][][]
 []


Underfull \hbox (badness 10000) detected at line 101
[][][]
 []


Underfull \hbox (badness 10000) detected at line 114
[][][]
 []


Underfull \hbox (badness 10000) detected at line 127
[][][]
 []

[82]
Underfull \hbox (badness 10000) detected at line 140
[][][]
 []


Underfull \hbox (badness 10000) detected at line 153
[][][]
 []


Underfull \hbox (badness 10000) detected at line 166
[][][]
 []


Underfull \hbox (badness 10000) detected at line 179
[][][]
 []


Underfull \hbox (badness 10000) detected at line 196
[][][]
 []

[83]
Underfull \hbox (badness 10000) detected at line 239
[][][]
 []

[84]
Underfull \hbox (badness 10000) detected at line 255
[][][]
 []

) [85] [86

]
Chapter 5.
(_czytacz_grafiku_pracy_8h.tex
Underfull \hbox (badness 10000) in paragraph at lines 3--5

 []

) (_czytacz_grafiku_pracy_8h_source.tex) (_czytacz_lekarza_8h.tex
Underfull \hbox (badness 10000) in paragraph at lines 3--5

 []

) (_czytacz_lekarza_8h_source.tex [87]) (_czytacz_plikow_8h.tex
Underfull \hbox (badness 10000) in paragraph at lines 3--5

 []

) (_czytacz_plikow_8h_source.tex) (_czytacz_uzytkownikow_8h.tex
Underfull \hbox (badness 10000) in paragraph at lines 3--4

 []

[88]) (_czytacz_uzytkownikow_8h_source.tex) (_czytacz_wizyt_8h.tex
Underfull \hbox (badness 10000) in paragraph at lines 3--5

 []

) (_czytacz_wizyt_8h_source.tex) (_czytacz_wlasiciela_zwierzecia_8h_source.tex
[89]) (_czytacz_zwierzat_8h.tex
Underfull \hbox (badness 10000) in paragraph at lines 3--4

 []

) (_czytacz_zwierzat_8h_source.tex) (_dni_tygodnia_8h.tex)
(_dni_tygodnia_8h_source.tex) (_godziny_pracy_8h.tex [90])
(_godziny_pracy_8h_source.tex) (_kanarek_8h.tex
Underfull \hbox (badness 10000) in paragraph at lines 3--4

 []

) (_kanarek_8h_source.tex) (_kot_8h.tex
Underfull \hbox (badness 10000) in paragraph at lines 3--5

 []

[91]) (_kot_8h_source.tex) (_lekarz_8h.tex
Underfull \hbox (badness 10000) in paragraph at lines 3--8

 []

) (_lekarz_8h_source.tex [92]) (_menu_lekarza_8h.tex
Underfull \hbox (badness 10000) in paragraph at lines 3--5

 []

) (_menu_lekarza_8h_source.tex [93]) (_menu_logowania_8h.tex
Underfull \hbox (badness 10000) in paragraph at lines 3--5

 []

) (_menu_logowania_8h_source.tex) (_menu_logowania_statusu_8h.tex
Underfull \hbox (badness 5637) in paragraph at lines 7--11
[]\T1/phv/m/n/10 enum [] { \T1/phv/b/n/10 WYBRANO[]_[][]LOGOWANIE \T1/phv/m/n/1
0 , \T1/phv/b/n/10 WYBRANO[]_[][]WYSJSCIE \T1/phv/m/n/10 , \T1/phv/b/n/10 BLAD[
]_[][]
 []

) (_menu_logowania_statusu_8h_source.tex [94])
(_menu_wlasiciela_zwierzecia_8h_source.tex) (_pajak_8h.tex
Underfull \hbox (badness 10000) in paragraph at lines 3--4

 []

) (_pajak_8h_source.tex [95]) (_pies_8h.tex
Underfull \hbox (badness 10000) in paragraph at lines 3--4

 []

) (_pies_8h_source.tex) (_planer_wizyt_8h.tex
Underfull \hbox (badness 10000) in paragraph at lines 3--14

 []

[96]) (_planer_wizyt_8h_source.tex) (_plec_8h.tex [97]) (_plec_8h_source.tex)
(_serwis_grafiku_pracy_8h.tex
Underfull \hbox (badness 10000) in paragraph at lines 3--7

 []

) (_serwis_grafiku_pracy_8h_source.tex) (_serwis_lekarza_8h.tex
Underfull \hbox (badness 10000) in paragraph at lines 3--8

 []

[98]) (_serwis_lekarza_8h_source.tex)
(_serwis_logowania_uzytkownika_8h_source.tex) (_serwis_uslug_8h.tex
Underfull \hbox (badness 10000) in paragraph at lines 3--13

 []

[99]) (_serwis_uslug_8h_source.tex) (_serwis_wizyt_8h.tex
Underfull \hbox (badness 10000) in paragraph at lines 3--8

 []

) (_serwis_wizyt_8h_source.tex [100])
(_serwis_wlasiciela_zwierzecia_8h_source.tex) (_serwis_zwierzat_8h.tex
Underfull \hbox (badness 10000) in paragraph at lines 3--7

 []

[101]) (_serwis_zwierzat_8h_source.tex) (_sesja_lekarza_8h.tex
Underfull \hbox (badness 10000) in paragraph at lines 3--9

 []

) (_sesja_lekarza_8h_source.tex [102]) (_sesja_wlasciciela_zwierzecia_8h.tex
Underfull \hbox (badness 10000) in paragraph at lines 3--8

 []

) (_sesja_wlasciciela_zwierzecia_8h_source.tex [103]) (_sprawdzacz_liczb_8h.tex

Underfull \hbox (badness 10000) in paragraph at lines 3--4

 []

) (_sprawdzacz_liczb_8h_source.tex) (_status_wizyty_8h_source.tex [104])
(_typ_uzytkownika_8h.tex) (_typ_uzytkownika_8h_source.tex) (_usluga_8h.tex
Underfull \hbox (badness 10000) in paragraph at lines 3--5

 []

) (_usluga_8h_source.tex [105]) (_uzytkownik_8h.tex
Underfull \hbox (badness 10000) in paragraph at lines 3--5

 []

) (_uzytkownik_8h_source.tex) (_waz_8h.tex
Underfull \hbox (badness 10000) in paragraph at lines 3--4

 []

[106]) (_waz_8h_source.tex) (_wizyta_8h.tex
Underfull \hbox (badness 10000) in paragraph at lines 3--5

 []

) (_wizyta_8h_source.tex [107]) (_wlasciciel_zwierzecia_8h.tex
Underfull \hbox (badness 10000) in paragraph at lines 3--5

 []

) (_wlasciciel_zwierzecia_8h_source.tex) (_zwierze_8h.tex
Underfull \hbox (badness 10000) in paragraph at lines 3--5

 []

[108]) (_zwierze_8h_source.tex) [109] [110

] (refman.ind
LaTeX Font Info:    Font shape `T1/phv/m/n' will be
(Font)              scaled to size 22.39185pt on input line 1.
 [111


] [112] [113]
[114] [115]) (refman.aux)
Package rerunfilecheck Info: File `refman.out' has not changed.
(rerunfilecheck)             Checksum: CCAB106DBB86E64395C567BA0E8C2164;72522.
 ) 
Here is how much of TeX's memory you used:
 20316 strings out of 476331
 356785 string characters out of 5804174
 1887660 words of memory out of 5000000
 39211 multiletter control sequences out of 15000+600000
 570649 words of font info for 109 fonts, out of 8000000 for 9000
 1141 hyphenation exceptions out of 8191
 101i,16n,117p,704b,740s stack positions out of 10000i,1000n,20000p,200000b,200000s
<D:/miktex/fonts/type1/public/amsfonts/cm/cmmi10.pfb><D:/miktex/fonts/type1/p
ublic/amsfonts/cm/cmmi7.pfb><D:/miktex/fonts/type1/public/amsfonts/cm/cmmi8.pfb
><D:/miktex/fonts/type1/public/amsfonts/cm/cmmi9.pfb><D:/miktex/fonts/type1/pub
lic/amsfonts/cm/cmsy10.pfb><D:/miktex/fonts/type1/public/amsfonts/cm/cmsy7.pfb>
<D:/miktex/fonts/type1/public/amsfonts/cm/cmsy9.pfb><D:/miktex/fonts/type1/urw/
courier/ucrb8a.pfb><D:/miktex/fonts/type1/urw/courier/ucrr8a.pfb><D:/miktex/fon
ts/type1/urw/courier/ucrro8a.pfb><D:/miktex/fonts/type1/urw/helvetic/uhvb8a.pfb
><D:/miktex/fonts/type1/urw/helvetic/uhvb8ac.pfb><D:/miktex/fonts/type1/urw/hel
vetic/uhvr8a.pfb><D:/miktex/fonts/type1/urw/helvetic/uhvro8a.pfb>
Output written on refman.pdf (127 pages, 1058482 bytes).
PDF statistics:
 4670 PDF objects out of 5155 (max. 8388607)
 957 named destinations out of 1000 (max. 500000)
 2809 words of extra memory for PDF output out of 10000 (max. 10000000)

