\BOOKMARK [0][-]{chapter.1}{\376\377\0001\000\040\000H\000i\000e\000r\000a\000r\000c\000h\000i\000c\000a\000l\000\040\000I\000n\000d\000e\000x}{}% 1
\BOOKMARK [1][-]{section.1.1}{\376\377\0001\000.\0001\000\040\000C\000l\000a\000s\000s\000\040\000H\000i\000e\000r\000a\000r\000c\000h\000y}{chapter.1}% 2
\BOOKMARK [0][-]{chapter.2}{\376\377\0002\000\040\000C\000l\000a\000s\000s\000\040\000I\000n\000d\000e\000x}{}% 3
\BOOKMARK [1][-]{section.2.1}{\376\377\0002\000.\0001\000\040\000C\000l\000a\000s\000s\000\040\000L\000i\000s\000t}{chapter.2}% 4
\BOOKMARK [0][-]{chapter.3}{\376\377\0003\000\040\000F\000i\000l\000e\000\040\000I\000n\000d\000e\000x}{}% 5
\BOOKMARK [1][-]{section.3.1}{\376\377\0003\000.\0001\000\040\000F\000i\000l\000e\000\040\000L\000i\000s\000t}{chapter.3}% 6
\BOOKMARK [0][-]{chapter.4}{\376\377\0004\000\040\000C\000l\000a\000s\000s\000\040\000D\000o\000c\000u\000m\000e\000n\000t\000a\000t\000i\000o\000n}{}% 7
\BOOKMARK [1][-]{section.4.1}{\376\377\0004\000.\0001\000\040\000C\000z\000y\000t\000a\000c\000z\000G\000r\000a\000f\000i\000k\000u\000P\000r\000a\000c\000y\000\040\000C\000l\000a\000s\000s\000\040\000R\000e\000f\000e\000r\000e\000n\000c\000e}{chapter.4}% 8
\BOOKMARK [2][-]{subsection.4.1.1}{\376\377\0004\000.\0001\000.\0001\000\040\000D\000e\000t\000a\000i\000l\000e\000d\000\040\000D\000e\000s\000c\000r\000i\000p\000t\000i\000o\000n}{section.4.1}% 9
\BOOKMARK [1][-]{section.4.2}{\376\377\0004\000.\0002\000\040\000C\000z\000y\000t\000a\000c\000z\000L\000e\000k\000a\000r\000z\000a\000\040\000C\000l\000a\000s\000s\000\040\000R\000e\000f\000e\000r\000e\000n\000c\000e}{chapter.4}% 10
\BOOKMARK [2][-]{subsection.4.2.1}{\376\377\0004\000.\0002\000.\0001\000\040\000D\000e\000t\000a\000i\000l\000e\000d\000\040\000D\000e\000s\000c\000r\000i\000p\000t\000i\000o\000n}{section.4.2}% 11
\BOOKMARK [1][-]{section.4.3}{\376\377\0004\000.\0003\000\040\000C\000z\000y\000t\000a\000c\000z\000P\000l\000i\000k\000o\000w\000\040\000C\000l\000a\000s\000s\000\040\000R\000e\000f\000e\000r\000e\000n\000c\000e}{chapter.4}% 12
\BOOKMARK [2][-]{subsection.4.3.1}{\376\377\0004\000.\0003\000.\0001\000\040\000D\000e\000t\000a\000i\000l\000e\000d\000\040\000D\000e\000s\000c\000r\000i\000p\000t\000i\000o\000n}{section.4.3}% 13
\BOOKMARK [2][-]{subsection.4.3.2}{\376\377\0004\000.\0003\000.\0002\000\040\000M\000e\000m\000b\000e\000r\000\040\000F\000u\000n\000c\000t\000i\000o\000n\000\040\000D\000o\000c\000u\000m\000e\000n\000t\000a\000t\000i\000o\000n}{section.4.3}% 14
\BOOKMARK [3][-]{subsubsection.4.3.2.1}{\376\377\0004\000.\0003\000.\0002\000.\0001\000\040\000d\000o\000p\000i\000s\000z\000D\000o\000P\000l\000i\000k\000u\000\050\000\051}{subsection.4.3.2}% 15
\BOOKMARK [3][-]{subsubsection.4.3.2.2}{\376\377\0004\000.\0003\000.\0002\000.\0002\000\040\000g\000e\000t\000N\000a\000s\000t\000e\000p\000n\000e\000I\000d\000\050\000\051}{subsection.4.3.2}% 16
\BOOKMARK [3][-]{subsubsection.4.3.2.3}{\376\377\0004\000.\0003\000.\0002\000.\0003\000\040\000g\000e\000t\000P\000o\000z\000y\000c\000j\000a\000T\000e\000x\000t\000u\000\050\000\051}{subsection.4.3.2}% 17
\BOOKMARK [3][-]{subsubsection.4.3.2.4}{\376\377\0004\000.\0003\000.\0002\000.\0004\000\040\000g\000e\000t\000P\000o\000z\000y\000c\000j\000a\000W\000i\000e\000r\000s\000z\000a\000\050\000\051}{subsection.4.3.2}% 18
\BOOKMARK [3][-]{subsubsection.4.3.2.5}{\376\377\0004\000.\0003\000.\0002\000.\0005\000\040\000p\000o\000d\000a\000j\000N\000a\000z\000w\000e\000P\000l\000i\000k\000u\000\050\000\051}{subsection.4.3.2}% 19
\BOOKMARK [3][-]{subsubsection.4.3.2.6}{\376\377\0004\000.\0003\000.\0002\000.\0006\000\040\000u\000s\000u\000n\000W\000i\000e\000s\000z\000P\000o\000I\000d\000\050\000\051}{subsection.4.3.2}% 20
\BOOKMARK [3][-]{subsubsection.4.3.2.7}{\376\377\0004\000.\0003\000.\0002\000.\0007\000\040\000w\000c\000z\000y\000t\000a\000j\000P\000l\000i\000k\000\050\000\051}{subsection.4.3.2}% 21
\BOOKMARK [3][-]{subsubsection.4.3.2.8}{\376\377\0004\000.\0003\000.\0002\000.\0008\000\040\000z\000a\000p\000i\000s\000z\000D\000o\000P\000l\000i\000k\000u\000\050\000\051}{subsection.4.3.2}% 22
\BOOKMARK [3][-]{subsubsection.4.3.2.9}{\376\377\0004\000.\0003\000.\0002\000.\0009\000\040\000z\000m\000a\000i\000e\000n\000N\000a\000W\000i\000e\000r\000s\000z\000e\000\050\000\051}{subsection.4.3.2}% 23
\BOOKMARK [1][-]{section.4.4}{\376\377\0004\000.\0004\000\040\000C\000z\000y\000t\000a\000c\000z\000U\000z\000y\000t\000k\000o\000w\000n\000i\000k\000o\000w\000\040\000C\000l\000a\000s\000s\000\040\000R\000e\000f\000e\000r\000e\000n\000c\000e}{chapter.4}% 24
\BOOKMARK [2][-]{subsection.4.4.1}{\376\377\0004\000.\0004\000.\0001\000\040\000D\000e\000t\000a\000i\000l\000e\000d\000\040\000D\000e\000s\000c\000r\000i\000p\000t\000i\000o\000n}{section.4.4}% 25
\BOOKMARK [2][-]{subsection.4.4.2}{\376\377\0004\000.\0004\000.\0002\000\040\000M\000e\000m\000b\000e\000r\000\040\000F\000u\000n\000c\000t\000i\000o\000n\000\040\000D\000o\000c\000u\000m\000e\000n\000t\000a\000t\000i\000o\000n}{section.4.4}% 26
\BOOKMARK [3][-]{subsubsection.4.4.2.1}{\376\377\0004\000.\0004\000.\0002\000.\0001\000\040\000p\000o\000d\000a\000j\000N\000a\000z\000w\000e\000P\000l\000i\000k\000u\000\050\000\051}{subsection.4.4.2}% 27
\BOOKMARK [1][-]{section.4.5}{\376\377\0004\000.\0005\000\040\000C\000z\000y\000t\000a\000c\000z\000W\000i\000z\000y\000t\000\040\000C\000l\000a\000s\000s\000\040\000R\000e\000f\000e\000r\000e\000n\000c\000e}{chapter.4}% 28
\BOOKMARK [2][-]{subsection.4.5.1}{\376\377\0004\000.\0005\000.\0001\000\040\000D\000e\000t\000a\000i\000l\000e\000d\000\040\000D\000e\000s\000c\000r\000i\000p\000t\000i\000o\000n}{section.4.5}% 29
\BOOKMARK [2][-]{subsection.4.5.2}{\376\377\0004\000.\0005\000.\0002\000\040\000M\000e\000m\000b\000e\000r\000\040\000F\000u\000n\000c\000t\000i\000o\000n\000\040\000D\000o\000c\000u\000m\000e\000n\000t\000a\000t\000i\000o\000n}{section.4.5}% 30
\BOOKMARK [3][-]{subsubsection.4.5.2.1}{\376\377\0004\000.\0005\000.\0002\000.\0001\000\040\000p\000o\000d\000a\000j\000N\000a\000z\000w\000e\000P\000l\000i\000k\000u\000\050\000\051}{subsection.4.5.2}% 31
\BOOKMARK [1][-]{section.4.6}{\376\377\0004\000.\0006\000\040\000C\000z\000y\000t\000a\000c\000z\000W\000l\000a\000s\000i\000c\000i\000e\000l\000a\000Z\000w\000i\000e\000r\000z\000e\000c\000i\000a\000\040\000C\000l\000a\000s\000s\000\040\000R\000e\000f\000e\000r\000e\000n\000c\000e}{chapter.4}% 32
\BOOKMARK [2][-]{subsection.4.6.1}{\376\377\0004\000.\0006\000.\0001\000\040\000D\000e\000t\000a\000i\000l\000e\000d\000\040\000D\000e\000s\000c\000r\000i\000p\000t\000i\000o\000n}{section.4.6}% 33
\BOOKMARK [1][-]{section.4.7}{\376\377\0004\000.\0007\000\040\000C\000z\000y\000t\000a\000c\000z\000Z\000w\000i\000e\000r\000z\000a\000t\000\040\000C\000l\000a\000s\000s\000\040\000R\000e\000f\000e\000r\000e\000n\000c\000e}{chapter.4}% 34
\BOOKMARK [2][-]{subsection.4.7.1}{\376\377\0004\000.\0007\000.\0001\000\040\000D\000e\000t\000a\000i\000l\000e\000d\000\040\000D\000e\000s\000c\000r\000i\000p\000t\000i\000o\000n}{section.4.7}% 35
\BOOKMARK [2][-]{subsection.4.7.2}{\376\377\0004\000.\0007\000.\0002\000\040\000M\000e\000m\000b\000e\000r\000\040\000F\000u\000n\000c\000t\000i\000o\000n\000\040\000D\000o\000c\000u\000m\000e\000n\000t\000a\000t\000i\000o\000n}{section.4.7}% 36
\BOOKMARK [3][-]{subsubsection.4.7.2.1}{\376\377\0004\000.\0007\000.\0002\000.\0001\000\040\000p\000o\000d\000a\000j\000N\000a\000z\000w\000e\000P\000l\000i\000k\000u\000\050\000\051}{subsection.4.7.2}% 37
\BOOKMARK [1][-]{section.4.8}{\376\377\0004\000.\0008\000\040\000D\000a\000t\000a\000G\000o\000d\000z\000i\000n\000a\000W\000i\000z\000y\000t\000y\000\040\000C\000l\000a\000s\000s\000\040\000R\000e\000f\000e\000r\000e\000n\000c\000e}{chapter.4}% 38
\BOOKMARK [2][-]{subsection.4.8.1}{\376\377\0004\000.\0008\000.\0001\000\040\000D\000e\000t\000a\000i\000l\000e\000d\000\040\000D\000e\000s\000c\000r\000i\000p\000t\000i\000o\000n}{section.4.8}% 39
\BOOKMARK [2][-]{subsection.4.8.2}{\376\377\0004\000.\0008\000.\0002\000\040\000M\000e\000m\000b\000e\000r\000\040\000F\000u\000n\000c\000t\000i\000o\000n\000\040\000D\000o\000c\000u\000m\000e\000n\000t\000a\000t\000i\000o\000n}{section.4.8}% 40
\BOOKMARK [3][-]{subsubsection.4.8.2.1}{\376\377\0004\000.\0008\000.\0002\000.\0001\000\040\000g\000e\000t\000D\000z\000i\000e\000n\000\050\000\051}{subsection.4.8.2}% 41
\BOOKMARK [3][-]{subsubsection.4.8.2.2}{\376\377\0004\000.\0008\000.\0002\000.\0002\000\040\000g\000e\000t\000G\000o\000d\000z\000i\000n\000a\000\050\000\051}{subsection.4.8.2}% 42
\BOOKMARK [3][-]{subsubsection.4.8.2.3}{\376\377\0004\000.\0008\000.\0002\000.\0003\000\040\000g\000e\000t\000M\000i\000e\000s\000i\000a\000c\000\050\000\051}{subsection.4.8.2}% 43
\BOOKMARK [3][-]{subsubsection.4.8.2.4}{\376\377\0004\000.\0008\000.\0002\000.\0004\000\040\000g\000e\000t\000R\000o\000k\000\050\000\051}{subsection.4.8.2}% 44
\BOOKMARK [1][-]{section.4.9}{\376\377\0004\000.\0009\000\040\000G\000o\000d\000z\000i\000n\000y\000P\000r\000a\000c\000y\000\040\000C\000l\000a\000s\000s\000\040\000R\000e\000f\000e\000r\000e\000n\000c\000e}{chapter.4}% 45
\BOOKMARK [2][-]{subsection.4.9.1}{\376\377\0004\000.\0009\000.\0001\000\040\000D\000e\000t\000a\000i\000l\000e\000d\000\040\000D\000e\000s\000c\000r\000i\000p\000t\000i\000o\000n}{section.4.9}% 46
\BOOKMARK [2][-]{subsection.4.9.2}{\376\377\0004\000.\0009\000.\0002\000\040\000M\000e\000m\000b\000e\000r\000\040\000F\000u\000n\000c\000t\000i\000o\000n\000\040\000D\000o\000c\000u\000m\000e\000n\000t\000a\000t\000i\000o\000n}{section.4.9}% 47
\BOOKMARK [3][-]{subsubsection.4.9.2.1}{\376\377\0004\000.\0009\000.\0002\000.\0001\000\040\000g\000e\000t\000G\000o\000d\000z\000i\000n\000a\000R\000o\000z\000p\000o\000c\000z\000e\000c\000i\000a\000\050\000\051}{subsection.4.9.2}% 48
\BOOKMARK [3][-]{subsubsection.4.9.2.2}{\376\377\0004\000.\0009\000.\0002\000.\0002\000\040\000g\000e\000t\000G\000o\000d\000z\000i\000n\000a\000Z\000a\000k\000o\000n\000c\000z\000e\000n\000i\000a\000\050\000\051}{subsection.4.9.2}% 49
\BOOKMARK [3][-]{subsubsection.4.9.2.3}{\376\377\0004\000.\0009\000.\0002\000.\0003\000\040\000g\000e\000t\000M\000i\000n\000u\000t\000a\000R\000o\000z\000p\000o\000c\000z\000e\000c\000i\000a\000\050\000\051}{subsection.4.9.2}% 50
\BOOKMARK [3][-]{subsubsection.4.9.2.4}{\376\377\0004\000.\0009\000.\0002\000.\0004\000\040\000g\000e\000t\000M\000i\000n\000u\000t\000a\000Z\000a\000k\000o\000n\000c\000z\000e\000n\000i\000a\000\050\000\051}{subsection.4.9.2}% 51
\BOOKMARK [1][-]{section.4.10}{\376\377\0004\000.\0001\0000\000\040\000K\000a\000n\000a\000r\000e\000k\000\040\000C\000l\000a\000s\000s\000\040\000R\000e\000f\000e\000r\000e\000n\000c\000e}{chapter.4}% 52
\BOOKMARK [2][-]{subsection.4.10.1}{\376\377\0004\000.\0001\0000\000.\0001\000\040\000D\000e\000t\000a\000i\000l\000e\000d\000\040\000D\000e\000s\000c\000r\000i\000p\000t\000i\000o\000n}{section.4.10}% 53
\BOOKMARK [2][-]{subsection.4.10.2}{\376\377\0004\000.\0001\0000\000.\0002\000\040\000M\000e\000m\000b\000e\000r\000\040\000F\000u\000n\000c\000t\000i\000o\000n\000\040\000D\000o\000c\000u\000m\000e\000n\000t\000a\000t\000i\000o\000n}{section.4.10}% 54
\BOOKMARK [3][-]{subsubsection.4.10.2.1}{\376\377\0004\000.\0001\0000\000.\0002\000.\0001\000\040\000d\000z\000w\000i\000e\000k\000\050\000\051}{subsection.4.10.2}% 55
\BOOKMARK [3][-]{subsubsection.4.10.2.2}{\376\377\0004\000.\0001\0000\000.\0002\000.\0002\000\040\000g\000e\000t\000W\000a\000g\000a\000\050\000\051}{subsection.4.10.2}% 56
\BOOKMARK [1][-]{section.4.11}{\376\377\0004\000.\0001\0001\000\040\000K\000o\000t\000\040\000C\000l\000a\000s\000s\000\040\000R\000e\000f\000e\000r\000e\000n\000c\000e}{chapter.4}% 57
\BOOKMARK [2][-]{subsection.4.11.1}{\376\377\0004\000.\0001\0001\000.\0001\000\040\000D\000e\000t\000a\000i\000l\000e\000d\000\040\000D\000e\000s\000c\000r\000i\000p\000t\000i\000o\000n}{section.4.11}% 58
\BOOKMARK [2][-]{subsection.4.11.2}{\376\377\0004\000.\0001\0001\000.\0002\000\040\000M\000e\000m\000b\000e\000r\000\040\000F\000u\000n\000c\000t\000i\000o\000n\000\040\000D\000o\000c\000u\000m\000e\000n\000t\000a\000t\000i\000o\000n}{section.4.11}% 59
\BOOKMARK [3][-]{subsubsection.4.11.2.1}{\376\377\0004\000.\0001\0001\000.\0002\000.\0001\000\040\000d\000z\000w\000i\000e\000k\000\050\000\051}{subsection.4.11.2}% 60
\BOOKMARK [3][-]{subsubsection.4.11.2.2}{\376\377\0004\000.\0001\0001\000.\0002\000.\0002\000\040\000g\000e\000t\000W\000a\000g\000a\000\050\000\051}{subsection.4.11.2}% 61
\BOOKMARK [1][-]{section.4.12}{\376\377\0004\000.\0001\0002\000\040\000L\000e\000k\000a\000r\000z\000\040\000C\000l\000a\000s\000s\000\040\000R\000e\000f\000e\000r\000e\000n\000c\000e}{chapter.4}% 62
\BOOKMARK [2][-]{subsection.4.12.1}{\376\377\0004\000.\0001\0002\000.\0001\000\040\000D\000e\000t\000a\000i\000l\000e\000d\000\040\000D\000e\000s\000c\000r\000i\000p\000t\000i\000o\000n}{section.4.12}% 63
\BOOKMARK [2][-]{subsection.4.12.2}{\376\377\0004\000.\0001\0002\000.\0002\000\040\000M\000e\000m\000b\000e\000r\000\040\000F\000u\000n\000c\000t\000i\000o\000n\000\040\000D\000o\000c\000u\000m\000e\000n\000t\000a\000t\000i\000o\000n}{section.4.12}% 64
\BOOKMARK [3][-]{subsubsection.4.12.2.1}{\376\377\0004\000.\0001\0002\000.\0002\000.\0001\000\040\000c\000z\000y\000D\000o\000s\000t\000e\000p\000n\000y\000W\000G\000o\000d\000z\000i\000n\000a\000c\000h\000\050\000\051}{subsection.4.12.2}% 65
\BOOKMARK [3][-]{subsubsection.4.12.2.2}{\376\377\0004\000.\0001\0002\000.\0002\000.\0002\000\040\000g\000e\000t\000I\000m\000i\000e\000\050\000\051}{subsection.4.12.2}% 66
\BOOKMARK [3][-]{subsubsection.4.12.2.3}{\376\377\0004\000.\0001\0002\000.\0002\000.\0003\000\040\000g\000e\000t\000N\000a\000z\000w\000i\000s\000k\000o\000\050\000\051}{subsection.4.12.2}% 67
\BOOKMARK [3][-]{subsubsection.4.12.2.4}{\376\377\0004\000.\0001\0002\000.\0002\000.\0004\000\040\000g\000e\000t\000S\000p\000e\000c\000j\000a\000l\000i\000z\000a\000c\000j\000a\000\050\000\051}{subsection.4.12.2}% 68
\BOOKMARK [3][-]{subsubsection.4.12.2.5}{\376\377\0004\000.\0001\0002\000.\0002\000.\0005\000\040\000z\000w\000r\000o\000c\000G\000o\000d\000z\000i\000n\000y\000P\000r\000a\000c\000y\000D\000l\000a\000D\000n\000i\000a\000\050\000\051}{subsection.4.12.2}% 69
\BOOKMARK [1][-]{section.4.13}{\376\377\0004\000.\0001\0003\000\040\000M\000e\000n\000u\000L\000e\000k\000a\000r\000z\000a\000\040\000C\000l\000a\000s\000s\000\040\000R\000e\000f\000e\000r\000e\000n\000c\000e}{chapter.4}% 70
\BOOKMARK [2][-]{subsection.4.13.1}{\376\377\0004\000.\0001\0003\000.\0001\000\040\000D\000e\000t\000a\000i\000l\000e\000d\000\040\000D\000e\000s\000c\000r\000i\000p\000t\000i\000o\000n}{section.4.13}% 71
\BOOKMARK [2][-]{subsection.4.13.2}{\376\377\0004\000.\0001\0003\000.\0002\000\040\000M\000e\000m\000b\000e\000r\000\040\000F\000u\000n\000c\000t\000i\000o\000n\000\040\000D\000o\000c\000u\000m\000e\000n\000t\000a\000t\000i\000o\000n}{section.4.13}% 72
\BOOKMARK [3][-]{subsubsection.4.13.2.1}{\376\377\0004\000.\0001\0003\000.\0002\000.\0001\000\040\000w\000y\000s\000w\000i\000e\000t\000l\000M\000e\000n\000u\000P\000o\000c\000z\000a\000t\000k\000o\000w\000e\000\050\000\051}{subsection.4.13.2}% 73
\BOOKMARK [1][-]{section.4.14}{\376\377\0004\000.\0001\0004\000\040\000M\000e\000n\000u\000L\000o\000g\000o\000w\000a\000n\000i\000a\000\040\000C\000l\000a\000s\000s\000\040\000R\000e\000f\000e\000r\000e\000n\000c\000e}{chapter.4}% 74
\BOOKMARK [2][-]{subsection.4.14.1}{\376\377\0004\000.\0001\0004\000.\0001\000\040\000D\000e\000t\000a\000i\000l\000e\000d\000\040\000D\000e\000s\000c\000r\000i\000p\000t\000i\000o\000n}{section.4.14}% 75
\BOOKMARK [2][-]{subsection.4.14.2}{\376\377\0004\000.\0001\0004\000.\0002\000\040\000M\000e\000m\000b\000e\000r\000\040\000F\000u\000n\000c\000t\000i\000o\000n\000\040\000D\000o\000c\000u\000m\000e\000n\000t\000a\000t\000i\000o\000n}{section.4.14}% 76
\BOOKMARK [3][-]{subsubsection.4.14.2.1}{\376\377\0004\000.\0001\0004\000.\0002\000.\0001\000\040\000g\000e\000t\000H\000a\000s\000l\000o\000\050\000\051}{subsection.4.14.2}% 77
\BOOKMARK [3][-]{subsubsection.4.14.2.2}{\376\377\0004\000.\0001\0004\000.\0002\000.\0002\000\040\000g\000e\000t\000L\000o\000g\000i\000n\000\050\000\051}{subsection.4.14.2}% 78
\BOOKMARK [3][-]{subsubsection.4.14.2.3}{\376\377\0004\000.\0001\0004\000.\0002\000.\0003\000\040\000w\000y\000s\000w\000i\000e\000t\000l\000M\000e\000n\000u\000P\000o\000c\000z\000a\000t\000k\000o\000w\000e\000\050\000\051}{subsection.4.14.2}% 79
\BOOKMARK [1][-]{section.4.15}{\376\377\0004\000.\0001\0005\000\040\000M\000e\000n\000u\000W\000l\000a\000s\000i\000c\000i\000e\000l\000a\000Z\000w\000i\000e\000r\000z\000e\000c\000i\000a\000\040\000C\000l\000a\000s\000s\000\040\000R\000e\000f\000e\000r\000e\000n\000c\000e}{chapter.4}% 80
\BOOKMARK [2][-]{subsection.4.15.1}{\376\377\0004\000.\0001\0005\000.\0001\000\040\000D\000e\000t\000a\000i\000l\000e\000d\000\040\000D\000e\000s\000c\000r\000i\000p\000t\000i\000o\000n}{section.4.15}% 81
\BOOKMARK [2][-]{subsection.4.15.2}{\376\377\0004\000.\0001\0005\000.\0002\000\040\000M\000e\000m\000b\000e\000r\000\040\000F\000u\000n\000c\000t\000i\000o\000n\000\040\000D\000o\000c\000u\000m\000e\000n\000t\000a\000t\000i\000o\000n}{section.4.15}% 82
\BOOKMARK [3][-]{subsubsection.4.15.2.1}{\376\377\0004\000.\0001\0005\000.\0002\000.\0001\000\040\000w\000s\000w\000i\000e\000t\000l\000M\000e\000n\000u\000U\000s\000l\000u\000g\000\050\000\051}{subsection.4.15.2}% 83
\BOOKMARK [3][-]{subsubsection.4.15.2.2}{\376\377\0004\000.\0001\0005\000.\0002\000.\0002\000\040\000w\000y\000s\000w\000i\000e\000t\000l\000M\000e\000n\000u\000D\000o\000P\000l\000a\000n\000o\000w\000a\000n\000i\000a\000W\000i\000z\000y\000t\000y\000\050\000\051}{subsection.4.15.2}% 84
\BOOKMARK [3][-]{subsubsection.4.15.2.3}{\376\377\0004\000.\0001\0005\000.\0002\000.\0003\000\040\000w\000y\000s\000w\000i\000e\000t\000l\000M\000e\000n\000u\000P\000o\000c\000z\000a\000t\000k\000o\000w\000e\000\050\000\051}{subsection.4.15.2}% 85
\BOOKMARK [3][-]{subsubsection.4.15.2.4}{\376\377\0004\000.\0001\0005\000.\0002\000.\0004\000\040\000w\000y\000s\000w\000i\000e\000t\000l\000M\000e\000n\000u\000W\000y\000b\000o\000r\000u\000T\000e\000r\000m\000i\000n\000u\000\050\000\051}{subsection.4.15.2}% 86
\BOOKMARK [1][-]{section.4.16}{\376\377\0004\000.\0001\0006\000\040\000P\000a\000j\000a\000k\000\040\000C\000l\000a\000s\000s\000\040\000R\000e\000f\000e\000r\000e\000n\000c\000e}{chapter.4}% 87
\BOOKMARK [2][-]{subsection.4.16.1}{\376\377\0004\000.\0001\0006\000.\0001\000\040\000D\000e\000t\000a\000i\000l\000e\000d\000\040\000D\000e\000s\000c\000r\000i\000p\000t\000i\000o\000n}{section.4.16}% 88
\BOOKMARK [2][-]{subsection.4.16.2}{\376\377\0004\000.\0001\0006\000.\0002\000\040\000M\000e\000m\000b\000e\000r\000\040\000F\000u\000n\000c\000t\000i\000o\000n\000\040\000D\000o\000c\000u\000m\000e\000n\000t\000a\000t\000i\000o\000n}{section.4.16}% 89
\BOOKMARK [3][-]{subsubsection.4.16.2.1}{\376\377\0004\000.\0001\0006\000.\0002\000.\0001\000\040\000d\000z\000w\000i\000e\000k\000\050\000\051}{subsection.4.16.2}% 90
\BOOKMARK [3][-]{subsubsection.4.16.2.2}{\376\377\0004\000.\0001\0006\000.\0002\000.\0002\000\040\000g\000e\000t\000W\000a\000g\000a\000\050\000\051}{subsection.4.16.2}% 91
\BOOKMARK [1][-]{section.4.17}{\376\377\0004\000.\0001\0007\000\040\000P\000i\000e\000s\000\040\000C\000l\000a\000s\000s\000\040\000R\000e\000f\000e\000r\000e\000n\000c\000e}{chapter.4}% 92
\BOOKMARK [2][-]{subsection.4.17.1}{\376\377\0004\000.\0001\0007\000.\0001\000\040\000D\000e\000t\000a\000i\000l\000e\000d\000\040\000D\000e\000s\000c\000r\000i\000p\000t\000i\000o\000n}{section.4.17}% 93
\BOOKMARK [2][-]{subsection.4.17.2}{\376\377\0004\000.\0001\0007\000.\0002\000\040\000M\000e\000m\000b\000e\000r\000\040\000F\000u\000n\000c\000t\000i\000o\000n\000\040\000D\000o\000c\000u\000m\000e\000n\000t\000a\000t\000i\000o\000n}{section.4.17}% 94
\BOOKMARK [3][-]{subsubsection.4.17.2.1}{\376\377\0004\000.\0001\0007\000.\0002\000.\0001\000\040\000d\000z\000w\000i\000e\000k\000\050\000\051}{subsection.4.17.2}% 95
\BOOKMARK [3][-]{subsubsection.4.17.2.2}{\376\377\0004\000.\0001\0007\000.\0002\000.\0002\000\040\000g\000e\000t\000W\000a\000g\000a\000\050\000\051}{subsection.4.17.2}% 96
\BOOKMARK [1][-]{section.4.18}{\376\377\0004\000.\0001\0008\000\040\000P\000l\000a\000n\000e\000r\000W\000i\000z\000y\000t\000\040\000C\000l\000a\000s\000s\000\040\000R\000e\000f\000e\000r\000e\000n\000c\000e}{chapter.4}% 97
\BOOKMARK [2][-]{subsection.4.18.1}{\376\377\0004\000.\0001\0008\000.\0001\000\040\000D\000e\000t\000a\000i\000l\000e\000d\000\040\000D\000e\000s\000c\000r\000i\000p\000t\000i\000o\000n}{section.4.18}% 98
\BOOKMARK [2][-]{subsection.4.18.2}{\376\377\0004\000.\0001\0008\000.\0002\000\040\000M\000e\000m\000b\000e\000r\000\040\000F\000u\000n\000c\000t\000i\000o\000n\000\040\000D\000o\000c\000u\000m\000e\000n\000t\000a\000t\000i\000o\000n}{section.4.18}% 99
\BOOKMARK [3][-]{subsubsection.4.18.2.1}{\376\377\0004\000.\0001\0008\000.\0002\000.\0001\000\040\000c\000z\000y\000J\000e\000s\000t\000D\000n\000i\000e\000m\000\050\000\051}{subsection.4.18.2}% 100
\BOOKMARK [3][-]{subsubsection.4.18.2.2}{\376\377\0004\000.\0001\0008\000.\0002\000.\0002\000\040\000c\000z\000y\000O\000s\000t\000a\000t\000n\000i\000D\000o\000s\000t\000e\000p\000n\000y\000M\000i\000e\000s\000i\000a\000c\000\050\000\051}{subsection.4.18.2}% 101
\BOOKMARK [3][-]{subsubsection.4.18.2.3}{\376\377\0004\000.\0001\0008\000.\0002\000.\0003\000\040\000c\000z\000y\000P\000i\000e\000r\000w\000s\000z\000D\000o\000s\000t\000e\000p\000n\000y\000M\000i\000e\000s\000i\000a\000c\000\050\000\051}{subsection.4.18.2}% 102
\BOOKMARK [3][-]{subsubsection.4.18.2.4}{\376\377\0004\000.\0001\0008\000.\0002\000.\0004\000\040\000d\000o\000d\000a\000j\000D\000z\000i\000e\000n\000\050\000\051}{subsection.4.18.2}% 103
\BOOKMARK [3][-]{subsubsection.4.18.2.5}{\376\377\0004\000.\0001\0008\000.\0002\000.\0005\000\040\000d\000o\000d\000a\000j\000G\000o\000d\000z\000i\000n\000e\000\050\000\051}{subsection.4.18.2}% 104
\BOOKMARK [3][-]{subsubsection.4.18.2.6}{\376\377\0004\000.\0001\0008\000.\0002\000.\0006\000\040\000d\000o\000d\000a\000j\000G\000o\000d\000z\000i\000n\000e\000P\000l\000u\000s\000Z\000a\000o\000k\000r\000a\000g\000l\000e\000n\000i\000e\000\050\000\051}{subsection.4.18.2}% 105
\BOOKMARK [3][-]{subsubsection.4.18.2.7}{\376\377\0004\000.\0001\0008\000.\0002\000.\0007\000\040\000d\000o\000d\000a\000j\000M\000i\000e\000s\000i\000a\000c\000\050\000\051}{subsection.4.18.2}% 106
\BOOKMARK [3][-]{subsubsection.4.18.2.8}{\376\377\0004\000.\0001\0008\000.\0002\000.\0008\000\040\000g\000e\000t\000G\000o\000d\000z\000i\000n\000a\000Z\000a\000m\000k\000n\000i\000e\000c\000i\000a\000W\000D\000n\000i\000u\000\050\000\051}{subsection.4.18.2}% 107
\BOOKMARK [3][-]{subsubsection.4.18.2.9}{\376\377\0004\000.\0001\0008\000.\0002\000.\0009\000\040\000g\000e\000t\000M\000i\000e\000s\000i\000a\000c\000\050\000\051}{subsection.4.18.2}% 108
\BOOKMARK [3][-]{subsubsection.4.18.2.10}{\376\377\0004\000.\0001\0008\000.\0002\000.\0001\0000\000\040\000o\000s\000t\000a\000t\000n\000i\000D\000z\000i\000e\000n\000M\000i\000e\000s\000i\000a\000c\000a\000\050\000\051}{subsection.4.18.2}% 109
\BOOKMARK [3][-]{subsubsection.4.18.2.11}{\376\377\0004\000.\0001\0008\000.\0002\000.\0001\0001\000\040\000u\000s\000t\000a\000w\000C\000z\000a\000s\000\050\000\051}{subsection.4.18.2}% 110
\BOOKMARK [3][-]{subsubsection.4.18.2.12}{\376\377\0004\000.\0001\0008\000.\0002\000.\0001\0002\000\040\000u\000t\000w\000o\000r\000z\000W\000i\000z\000y\000t\000e\000\050\000\051}{subsection.4.18.2}% 111
\BOOKMARK [3][-]{subsubsection.4.18.2.13}{\376\377\0004\000.\0001\0008\000.\0002\000.\0001\0003\000\040\000w\000y\000g\000e\000n\000e\000r\000u\000j\000B\000l\000o\000k\000i\000G\000o\000d\000z\000i\000n\000o\000w\000e\000\050\000\051}{subsection.4.18.2}% 112
\BOOKMARK [3][-]{subsubsection.4.18.2.14}{\376\377\0004\000.\0001\0008\000.\0002\000.\0001\0004\000\040\000w\000y\000g\000e\000n\000e\000r\000u\000j\000D\000n\000i\000\050\000\051}{subsection.4.18.2}% 113
\BOOKMARK [3][-]{subsubsection.4.18.2.15}{\376\377\0004\000.\0001\0008\000.\0002\000.\0001\0005\000\040\000w\000y\000g\000e\000n\000e\000r\000u\000j\000I\000d\000W\000i\000z\000y\000t\000y\000\050\000\051}{subsection.4.18.2}% 114
\BOOKMARK [3][-]{subsubsection.4.18.2.16}{\376\377\0004\000.\0001\0008\000.\0002\000.\0001\0006\000\040\000w\000y\000g\000e\000n\000e\000r\000u\000j\000M\000i\000e\000s\000i\000a\000c\000e\000\050\000\051}{subsection.4.18.2}% 115
\BOOKMARK [3][-]{subsubsection.4.18.2.17}{\376\377\0004\000.\0001\0008\000.\0002\000.\0001\0007\000\040\000w\000y\000p\000i\000s\000z\000K\000a\000l\000e\000n\000d\000a\000r\000z\000\050\000\051}{subsection.4.18.2}% 116
\BOOKMARK [3][-]{subsubsection.4.18.2.18}{\376\377\0004\000.\0001\0008\000.\0002\000.\0001\0008\000\040\000w\000y\000s\000w\000i\000e\000t\000l\000\050\000\051}{subsection.4.18.2}% 117
\BOOKMARK [3][-]{subsubsection.4.18.2.19}{\376\377\0004\000.\0001\0008\000.\0002\000.\0001\0009\000\040\000z\000a\000l\000a\000d\000u\000j\000A\000k\000t\000u\000a\000l\000n\000y\000D\000z\000i\000e\000n\000T\000y\000g\000o\000d\000n\000i\000a\000\050\000\051}{subsection.4.18.2}% 118
\BOOKMARK [3][-]{subsubsection.4.18.2.20}{\376\377\0004\000.\0001\0008\000.\0002\000.\0002\0000\000\040\000z\000a\000l\000a\000d\000u\000j\000D\000o\000s\000t\000e\000p\000n\000a\000G\000o\000d\000z\000i\000n\000e\000N\000a\000D\000z\000i\000e\000n\000T\000y\000g\000o\000d\000n\000i\000a\000\050\000\051}{subsection.4.18.2}% 119
\BOOKMARK [3][-]{subsubsection.4.18.2.21}{\376\377\0004\000.\0001\0008\000.\0002\000.\0002\0001\000\040\000z\000a\000l\000a\000d\000u\000j\000D\000o\000s\000t\000e\000p\000y\000C\000z\000a\000s\000\050\000\051}{subsection.4.18.2}% 120
\BOOKMARK [3][-]{subsubsection.4.18.2.22}{\376\377\0004\000.\0001\0008\000.\0002\000.\0002\0002\000\040\000z\000a\000l\000a\000d\000u\000j\000D\000z\000i\000e\000n\000M\000i\000e\000s\000i\000a\000c\000a\000\050\000\051}{subsection.4.18.2}% 121
\BOOKMARK [3][-]{subsubsection.4.18.2.23}{\376\377\0004\000.\0001\0008\000.\0002\000.\0002\0003\000\040\000z\000a\000l\000a\000d\000u\000j\000M\000i\000e\000s\000i\000a\000c\000\050\000\051}{subsection.4.18.2}% 122
\BOOKMARK [3][-]{subsubsection.4.18.2.24}{\376\377\0004\000.\0001\0008\000.\0002\000.\0002\0004\000\040\000z\000a\000l\000a\000d\000u\000j\000N\000a\000s\000t\000e\000p\000n\000y\000D\000z\000i\000e\000n\000T\000y\000g\000o\000d\000n\000i\000a\000\050\000\051}{subsection.4.18.2}% 123
\BOOKMARK [3][-]{subsubsection.4.18.2.25}{\376\377\0004\000.\0001\0008\000.\0002\000.\0002\0005\000\040\000z\000a\000l\000a\000d\000u\000j\000O\000s\000t\000a\000t\000n\000i\000a\000D\000o\000s\000t\000e\000p\000n\000a\000D\000a\000t\000e\000\050\000\051}{subsection.4.18.2}% 124
\BOOKMARK [3][-]{subsubsection.4.18.2.26}{\376\377\0004\000.\0001\0008\000.\0002\000.\0002\0006\000\040\000z\000a\000l\000a\000d\000u\000j\000P\000i\000e\000r\000s\000z\000a\000D\000o\000s\000t\000e\000p\000n\000a\000D\000a\000t\000e\000\050\000\051}{subsection.4.18.2}% 125
\BOOKMARK [3][-]{subsubsection.4.18.2.27}{\376\377\0004\000.\0001\0008\000.\0002\000.\0002\0007\000\040\000z\000a\000l\000a\000d\000u\000j\000R\000o\000k\000\050\000\051}{subsection.4.18.2}% 126
\BOOKMARK [3][-]{subsubsection.4.18.2.28}{\376\377\0004\000.\0001\0008\000.\0002\000.\0002\0008\000\040\000z\000a\000m\000i\000e\000n\000N\000a\000D\000n\000i\000T\000y\000g\000o\000n\000i\000d\000a\000\050\000\051\000\040\000[\0001\000/\0002\000]}{subsection.4.18.2}% 127
\BOOKMARK [3][-]{subsubsection.4.18.2.29}{\376\377\0004\000.\0001\0008\000.\0002\000.\0002\0009\000\040\000z\000a\000m\000i\000e\000n\000N\000a\000D\000n\000i\000T\000y\000g\000o\000n\000i\000d\000a\000\050\000\051\000\040\000[\0002\000/\0002\000]}{subsection.4.18.2}% 128
\BOOKMARK [3][-]{subsubsection.4.18.2.30}{\376\377\0004\000.\0001\0008\000.\0002\000.\0003\0000\000\040\000z\000a\000m\000i\000e\000n\000N\000a\000M\000i\000e\000s\000i\000a\000c\000\050\000\051}{subsection.4.18.2}% 129
\BOOKMARK [3][-]{subsubsection.4.18.2.31}{\376\377\0004\000.\0001\0008\000.\0002\000.\0003\0001\000\040\000z\000a\000m\000i\000e\000n\000Z\000A\000n\000g\000i\000e\000l\000s\000k\000i\000e\000g\000o\000N\000a\000P\000o\000l\000s\000k\000i\000\050\000\051}{subsection.4.18.2}% 130
\BOOKMARK [3][-]{subsubsection.4.18.2.32}{\376\377\0004\000.\0001\0008\000.\0002\000.\0003\0002\000\040\000z\000n\000a\000j\000d\000z\000P\000i\000e\000r\000w\000s\000z\000y\000D\000o\000s\000t\000e\000p\000n\000y\000T\000e\000r\000m\000i\000n\000\050\000\051}{subsection.4.18.2}% 131
\BOOKMARK [1][-]{section.4.19}{\376\377\0004\000.\0001\0009\000\040\000S\000e\000r\000w\000i\000s\000G\000r\000a\000f\000i\000k\000u\000P\000r\000a\000c\000y\000\040\000C\000l\000a\000s\000s\000\040\000R\000e\000f\000e\000r\000e\000n\000c\000e}{chapter.4}% 132
\BOOKMARK [2][-]{subsection.4.19.1}{\376\377\0004\000.\0001\0009\000.\0001\000\040\000D\000e\000t\000a\000i\000l\000e\000d\000\040\000D\000e\000s\000c\000r\000i\000p\000t\000i\000o\000n}{section.4.19}% 133
\BOOKMARK [2][-]{subsection.4.19.2}{\376\377\0004\000.\0001\0009\000.\0002\000\040\000M\000e\000m\000b\000e\000r\000\040\000F\000u\000n\000c\000t\000i\000o\000n\000\040\000D\000o\000c\000u\000m\000e\000n\000t\000a\000t\000i\000o\000n}{section.4.19}% 134
\BOOKMARK [3][-]{subsubsection.4.19.2.1}{\376\377\0004\000.\0001\0009\000.\0002\000.\0001\000\040\000z\000a\000l\000a\000d\000u\000j\000G\000r\000a\000f\000i\000k\000\050\000\051}{subsection.4.19.2}% 135
\BOOKMARK [1][-]{section.4.20}{\376\377\0004\000.\0002\0000\000\040\000S\000e\000r\000w\000i\000s\000L\000e\000k\000a\000r\000z\000a\000\040\000C\000l\000a\000s\000s\000\040\000R\000e\000f\000e\000r\000e\000n\000c\000e}{chapter.4}% 136
\BOOKMARK [2][-]{subsection.4.20.1}{\376\377\0004\000.\0002\0000\000.\0001\000\040\000D\000e\000t\000a\000i\000l\000e\000d\000\040\000D\000e\000s\000c\000r\000i\000p\000t\000i\000o\000n}{section.4.20}% 137
\BOOKMARK [2][-]{subsection.4.20.2}{\376\377\0004\000.\0002\0000\000.\0002\000\040\000M\000e\000m\000b\000e\000r\000\040\000F\000u\000n\000c\000t\000i\000o\000n\000\040\000D\000o\000c\000u\000m\000e\000n\000t\000a\000t\000i\000o\000n}{section.4.20}% 138
\BOOKMARK [3][-]{subsubsection.4.20.2.1}{\376\377\0004\000.\0002\0000\000.\0002\000.\0001\000\040\000z\000a\000l\000a\000d\000u\000j\000L\000e\000k\000a\000r\000z\000a\000\050\000\051}{subsection.4.20.2}% 139
\BOOKMARK [3][-]{subsubsection.4.20.2.2}{\376\377\0004\000.\0002\0000\000.\0002\000.\0002\000\040\000z\000a\000l\000a\000d\000u\000j\000W\000s\000z\000y\000s\000t\000k\000i\000c\000h\000L\000e\000k\000a\000r\000z\000y\000\050\000\051}{subsection.4.20.2}% 140
\BOOKMARK [3][-]{subsubsection.4.20.2.3}{\376\377\0004\000.\0002\0000\000.\0002\000.\0003\000\040\000z\000n\000a\000j\000d\000z\000L\000e\000k\000a\000r\000z\000a\000P\000o\000I\000d\000\050\000\051}{subsection.4.20.2}% 141
\BOOKMARK [1][-]{section.4.21}{\376\377\0004\000.\0002\0001\000\040\000S\000e\000r\000w\000i\000s\000L\000o\000g\000o\000w\000a\000n\000i\000a\000U\000z\000y\000t\000k\000o\000w\000n\000i\000k\000a\000\040\000C\000l\000a\000s\000s\000\040\000R\000e\000f\000e\000r\000e\000n\000c\000e}{chapter.4}% 142
\BOOKMARK [2][-]{subsection.4.21.1}{\376\377\0004\000.\0002\0001\000.\0001\000\040\000D\000e\000t\000a\000i\000l\000e\000d\000\040\000D\000e\000s\000c\000r\000i\000p\000t\000i\000o\000n}{section.4.21}% 143
\BOOKMARK [2][-]{subsection.4.21.2}{\376\377\0004\000.\0002\0001\000.\0002\000\040\000M\000e\000m\000b\000e\000r\000\040\000F\000u\000n\000c\000t\000i\000o\000n\000\040\000D\000o\000c\000u\000m\000e\000n\000t\000a\000t\000i\000o\000n}{section.4.21}% 144
\BOOKMARK [3][-]{subsubsection.4.21.2.1}{\376\377\0004\000.\0002\0001\000.\0002\000.\0001\000\040\000z\000a\000l\000o\000g\000u\000j\000\050\000\051}{subsection.4.21.2}% 145
\BOOKMARK [3][-]{subsubsection.4.21.2.2}{\376\377\0004\000.\0002\0001\000.\0002\000.\0002\000\040\000z\000n\000a\000j\000d\000z\000\050\000\051}{subsection.4.21.2}% 146
\BOOKMARK [1][-]{section.4.22}{\376\377\0004\000.\0002\0002\000\040\000S\000e\000r\000w\000i\000s\000U\000s\000l\000u\000g\000\040\000C\000l\000a\000s\000s\000\040\000R\000e\000f\000e\000r\000e\000n\000c\000e}{chapter.4}% 147
\BOOKMARK [2][-]{subsection.4.22.1}{\376\377\0004\000.\0002\0002\000.\0001\000\040\000D\000e\000t\000a\000i\000l\000e\000d\000\040\000D\000e\000s\000c\000r\000i\000p\000t\000i\000o\000n}{section.4.22}% 148
\BOOKMARK [2][-]{subsection.4.22.2}{\376\377\0004\000.\0002\0002\000.\0002\000\040\000M\000e\000m\000b\000e\000r\000\040\000F\000u\000n\000c\000t\000i\000o\000n\000\040\000D\000o\000c\000u\000m\000e\000n\000t\000a\000t\000i\000o\000n}{section.4.22}% 149
\BOOKMARK [3][-]{subsubsection.4.22.2.1}{\376\377\0004\000.\0002\0002\000.\0002\000.\0001\000\040\000s\000t\000w\000o\000r\000z\000U\000s\000l\000u\000g\000e\000D\000l\000a\000Z\000w\000i\000e\000r\000z\000a\000k\000a\000\050\000\051}{subsection.4.22.2}% 150
\BOOKMARK [3][-]{subsubsection.4.22.2.2}{\376\377\0004\000.\0002\0002\000.\0002\000.\0002\000\040\000z\000n\000a\000j\000d\000z\000P\000o\000T\000y\000p\000i\000e\000\050\000\051}{subsection.4.22.2}% 151
\BOOKMARK [1][-]{section.4.23}{\376\377\0004\000.\0002\0003\000\040\000S\000e\000r\000w\000i\000s\000W\000i\000z\000y\000t\000\040\000C\000l\000a\000s\000s\000\040\000R\000e\000f\000e\000r\000e\000n\000c\000e}{chapter.4}% 152
\BOOKMARK [2][-]{subsection.4.23.1}{\376\377\0004\000.\0002\0003\000.\0001\000\040\000D\000e\000t\000a\000i\000l\000e\000d\000\040\000D\000e\000s\000c\000r\000i\000p\000t\000i\000o\000n}{section.4.23}% 153
\BOOKMARK [2][-]{subsection.4.23.2}{\376\377\0004\000.\0002\0003\000.\0002\000\040\000M\000e\000m\000b\000e\000r\000\040\000F\000u\000n\000c\000t\000i\000o\000n\000\040\000D\000o\000c\000u\000m\000e\000n\000t\000a\000t\000i\000o\000n}{section.4.23}% 154
\BOOKMARK [3][-]{subsubsection.4.23.2.1}{\376\377\0004\000.\0002\0003\000.\0002\000.\0001\000\040\000a\000n\000u\000l\000u\000j\000W\000i\000z\000y\000t\000e\000\050\000\051}{subsection.4.23.2}% 155
\BOOKMARK [3][-]{subsubsection.4.23.2.2}{\376\377\0004\000.\0002\0003\000.\0002\000.\0002\000\040\000a\000n\000u\000l\000u\000j\000W\000i\000z\000y\000t\000e\000D\000l\000a\000Z\000w\000i\000e\000r\000z\000a\000k\000a\000\050\000\051}{subsection.4.23.2}% 156
\BOOKMARK [3][-]{subsubsection.4.23.2.3}{\376\377\0004\000.\0002\0003\000.\0002\000.\0003\000\040\000g\000e\000t\000N\000a\000s\000t\000e\000p\000n\000e\000I\000d\000\050\000\051}{subsection.4.23.2}% 157
\BOOKMARK [3][-]{subsubsection.4.23.2.4}{\376\377\0004\000.\0002\0003\000.\0002\000.\0004\000\040\000p\000r\000z\000e\000g\000l\000a\000d\000W\000i\000z\000y\000t\000P\000o\000I\000d\000L\000e\000k\000a\000r\000z\000a\000\050\000\051}{subsection.4.23.2}% 158
\BOOKMARK [3][-]{subsubsection.4.23.2.5}{\376\377\0004\000.\0002\0003\000.\0002\000.\0005\000\040\000p\000r\000z\000e\000g\000l\000a\000d\000W\000i\000z\000y\000t\000P\000o\000I\000d\000W\000l\000a\000s\000i\000c\000i\000e\000l\000a\000\050\000\051}{subsection.4.23.2}% 159
\BOOKMARK [3][-]{subsubsection.4.23.2.6}{\376\377\0004\000.\0002\0003\000.\0002\000.\0006\000\040\000z\000a\000l\000a\000d\000u\000j\000W\000i\000z\000y\000t\000y\000D\000l\000a\000D\000a\000t\000y\000\050\000\051}{subsection.4.23.2}% 160
\BOOKMARK [3][-]{subsubsection.4.23.2.7}{\376\377\0004\000.\0002\0003\000.\0002\000.\0007\000\040\000z\000a\000r\000e\000z\000e\000r\000u\000j\000W\000i\000z\000y\000t\000e\000\050\000\051}{subsection.4.23.2}% 161
\BOOKMARK [1][-]{section.4.24}{\376\377\0004\000.\0002\0004\000\040\000S\000e\000r\000w\000i\000s\000W\000l\000a\000s\000i\000c\000i\000e\000l\000a\000Z\000w\000i\000e\000r\000z\000e\000c\000i\000a\000\040\000C\000l\000a\000s\000s\000\040\000R\000e\000f\000e\000r\000e\000n\000c\000e}{chapter.4}% 162
\BOOKMARK [2][-]{subsection.4.24.1}{\376\377\0004\000.\0002\0004\000.\0001\000\040\000D\000e\000t\000a\000i\000l\000e\000d\000\040\000D\000e\000s\000c\000r\000i\000p\000t\000i\000o\000n}{section.4.24}% 163
\BOOKMARK [2][-]{subsection.4.24.2}{\376\377\0004\000.\0002\0004\000.\0002\000\040\000M\000e\000m\000b\000e\000r\000\040\000F\000u\000n\000c\000t\000i\000o\000n\000\040\000D\000o\000c\000u\000m\000e\000n\000t\000a\000t\000i\000o\000n}{section.4.24}% 164
\BOOKMARK [3][-]{subsubsection.4.24.2.1}{\376\377\0004\000.\0002\0004\000.\0002\000.\0001\000\040\000z\000a\000l\000a\000d\000u\000j\000W\000l\000a\000s\000c\000i\000c\000i\000e\000l\000a\000Z\000w\000i\000e\000r\000z\000e\000c\000i\000a\000\050\000\051}{subsection.4.24.2}% 165
\BOOKMARK [3][-]{subsubsection.4.24.2.2}{\376\377\0004\000.\0002\0004\000.\0002\000.\0002\000\040\000z\000a\000l\000a\000d\000u\000j\000W\000l\000a\000s\000c\000i\000c\000i\000e\000l\000a\000Z\000w\000i\000e\000r\000z\000e\000c\000i\000a\000P\000o\000I\000d\000\050\000\051}{subsection.4.24.2}% 166
\BOOKMARK [1][-]{section.4.25}{\376\377\0004\000.\0002\0005\000\040\000S\000e\000r\000w\000i\000s\000Z\000w\000i\000e\000r\000z\000a\000t\000\040\000C\000l\000a\000s\000s\000\040\000R\000e\000f\000e\000r\000e\000n\000c\000e}{chapter.4}% 167
\BOOKMARK [2][-]{subsection.4.25.1}{\376\377\0004\000.\0002\0005\000.\0001\000\040\000D\000e\000t\000a\000i\000l\000e\000d\000\040\000D\000e\000s\000c\000r\000i\000p\000t\000i\000o\000n}{section.4.25}% 168
\BOOKMARK [2][-]{subsection.4.25.2}{\376\377\0004\000.\0002\0005\000.\0002\000\040\000M\000e\000m\000b\000e\000r\000\040\000F\000u\000n\000c\000t\000i\000o\000n\000\040\000D\000o\000c\000u\000m\000e\000n\000t\000a\000t\000i\000o\000n}{section.4.25}% 169
\BOOKMARK [3][-]{subsubsection.4.25.2.1}{\376\377\0004\000.\0002\0005\000.\0002\000.\0001\000\040\000d\000o\000d\000a\000j\000\050\000\051}{subsection.4.25.2}% 170
\BOOKMARK [3][-]{subsubsection.4.25.2.2}{\376\377\0004\000.\0002\0005\000.\0002\000.\0002\000\040\000g\000e\000t\000N\000a\000s\000t\000e\000p\000n\000e\000I\000d\000\050\000\051}{subsection.4.25.2}% 171
\BOOKMARK [3][-]{subsubsection.4.25.2.3}{\376\377\0004\000.\0002\0005\000.\0002\000.\0003\000\040\000u\000s\000u\000n\000Z\000w\000i\000e\000r\000z\000a\000k\000a\000\050\000\051}{subsection.4.25.2}% 172
\BOOKMARK [3][-]{subsubsection.4.25.2.4}{\376\377\0004\000.\0002\0005\000.\0002\000.\0004\000\040\000z\000a\000k\000t\000u\000a\000l\000i\000z\000u\000j\000\050\000\051}{subsection.4.25.2}% 173
\BOOKMARK [3][-]{subsubsection.4.25.2.5}{\376\377\0004\000.\0002\0005\000.\0002\000.\0005\000\040\000z\000a\000l\000a\000d\000u\000j\000Z\000w\000i\000e\000r\000z\000e\000P\000o\000I\000d\000\050\000\051}{subsection.4.25.2}% 174
\BOOKMARK [3][-]{subsubsection.4.25.2.6}{\376\377\0004\000.\0002\0005\000.\0002\000.\0006\000\040\000z\000a\000l\000a\000d\000u\000j\000Z\000w\000i\000e\000r\000z\000e\000t\000a\000D\000l\000a\000W\000l\000a\000s\000c\000i\000c\000i\000e\000l\000a\000\050\000\051}{subsection.4.25.2}% 175
\BOOKMARK [3][-]{subsubsection.4.25.2.7}{\376\377\0004\000.\0002\0005\000.\0002\000.\0007\000\040\000z\000n\000a\000j\000d\000z\000P\000o\000I\000d\000\050\000\051}{subsection.4.25.2}% 176
\BOOKMARK [1][-]{section.4.26}{\376\377\0004\000.\0002\0006\000\040\000S\000e\000s\000j\000a\000L\000e\000k\000a\000r\000z\000a\000\040\000C\000l\000a\000s\000s\000\040\000R\000e\000f\000e\000r\000e\000n\000c\000e}{chapter.4}% 177
\BOOKMARK [2][-]{subsection.4.26.1}{\376\377\0004\000.\0002\0006\000.\0001\000\040\000D\000e\000t\000a\000i\000l\000e\000d\000\040\000D\000e\000s\000c\000r\000i\000p\000t\000i\000o\000n}{section.4.26}% 178
\BOOKMARK [2][-]{subsection.4.26.2}{\376\377\0004\000.\0002\0006\000.\0002\000\040\000M\000e\000m\000b\000e\000r\000\040\000F\000u\000n\000c\000t\000i\000o\000n\000\040\000D\000o\000c\000u\000m\000e\000n\000t\000a\000t\000i\000o\000n}{section.4.26}% 179
\BOOKMARK [3][-]{subsubsection.4.26.2.1}{\376\377\0004\000.\0002\0006\000.\0002\000.\0001\000\040\000g\000e\000t\000F\000a\000b\000r\000y\000k\000a\000U\000s\000l\000u\000g\000\050\000\051}{subsection.4.26.2}% 180
\BOOKMARK [3][-]{subsubsection.4.26.2.2}{\376\377\0004\000.\0002\0006\000.\0002\000.\0002\000\040\000g\000e\000t\000L\000e\000k\000a\000r\000z\000\050\000\051}{subsection.4.26.2}% 181
\BOOKMARK [3][-]{subsubsection.4.26.2.3}{\376\377\0004\000.\0002\0006\000.\0002\000.\0003\000\040\000g\000e\000t\000S\000e\000r\000w\000i\000s\000W\000i\000z\000y\000t\000\050\000\051}{subsection.4.26.2}% 182
\BOOKMARK [3][-]{subsubsection.4.26.2.4}{\376\377\0004\000.\0002\0006\000.\0002\000.\0004\000\040\000g\000e\000t\000S\000e\000r\000w\000i\000s\000W\000l\000a\000s\000i\000c\000i\000e\000l\000a\000Z\000w\000i\000e\000r\000z\000e\000c\000i\000a\000\050\000\051}{subsection.4.26.2}% 183
\BOOKMARK [3][-]{subsubsection.4.26.2.5}{\376\377\0004\000.\0002\0006\000.\0002\000.\0005\000\040\000g\000e\000t\000S\000e\000r\000w\000i\000s\000Z\000w\000i\000e\000r\000z\000a\000t\000\050\000\051}{subsection.4.26.2}% 184
\BOOKMARK [1][-]{section.4.27}{\376\377\0004\000.\0002\0007\000\040\000S\000e\000s\000j\000a\000W\000l\000a\000s\000c\000i\000c\000i\000e\000l\000a\000Z\000w\000i\000e\000r\000z\000e\000c\000i\000a\000\040\000C\000l\000a\000s\000s\000\040\000R\000e\000f\000e\000r\000e\000n\000c\000e}{chapter.4}% 185
\BOOKMARK [2][-]{subsection.4.27.1}{\376\377\0004\000.\0002\0007\000.\0001\000\040\000D\000e\000t\000a\000i\000l\000e\000d\000\040\000D\000e\000s\000c\000r\000i\000p\000t\000i\000o\000n}{section.4.27}% 186
\BOOKMARK [2][-]{subsection.4.27.2}{\376\377\0004\000.\0002\0007\000.\0002\000\040\000M\000e\000m\000b\000e\000r\000\040\000F\000u\000n\000c\000t\000i\000o\000n\000\040\000D\000o\000c\000u\000m\000e\000n\000t\000a\000t\000i\000o\000n}{section.4.27}% 187
\BOOKMARK [3][-]{subsubsection.4.27.2.1}{\376\377\0004\000.\0002\0007\000.\0002\000.\0001\000\040\000c\000z\000y\000M\000o\000z\000n\000a\000U\000t\000w\000o\000r\000z\000y\000c\000W\000i\000z\000y\000t\000e\000\050\000\051}{subsection.4.27.2}% 188
\BOOKMARK [3][-]{subsubsection.4.27.2.2}{\376\377\0004\000.\0002\0007\000.\0002\000.\0002\000\040\000g\000e\000t\000I\000d\000W\000y\000b\000r\000a\000n\000e\000g\000o\000L\000e\000k\000a\000r\000z\000a\000\050\000\051}{subsection.4.27.2}% 189
\BOOKMARK [3][-]{subsubsection.4.27.2.3}{\376\377\0004\000.\0002\0007\000.\0002\000.\0003\000\040\000g\000e\000t\000W\000l\000a\000s\000i\000c\000i\000e\000l\000Z\000w\000i\000e\000r\000z\000e\000c\000i\000a\000\050\000\051}{subsection.4.27.2}% 190
\BOOKMARK [3][-]{subsubsection.4.27.2.4}{\376\377\0004\000.\0002\0007\000.\0002\000.\0004\000\040\000g\000e\000t\000W\000y\000b\000a\000r\000n\000e\000Z\000w\000i\000e\000r\000z\000e\000\050\000\051}{subsection.4.27.2}% 191
\BOOKMARK [3][-]{subsubsection.4.27.2.5}{\376\377\0004\000.\0002\0007\000.\0002\000.\0005\000\040\000g\000e\000t\000W\000y\000b\000r\000a\000n\000a\000G\000o\000d\000z\000i\000n\000a\000\050\000\051}{subsection.4.27.2}% 192
\BOOKMARK [3][-]{subsubsection.4.27.2.6}{\376\377\0004\000.\0002\0007\000.\0002\000.\0006\000\040\000g\000e\000t\000W\000y\000b\000r\000a\000n\000a\000U\000s\000l\000u\000g\000a\000\050\000\051}{subsection.4.27.2}% 193
\BOOKMARK [3][-]{subsubsection.4.27.2.7}{\376\377\0004\000.\0002\0007\000.\0002\000.\0007\000\040\000g\000e\000t\000W\000y\000b\000r\000a\000n\000y\000D\000z\000i\000e\000n\000\050\000\051}{subsection.4.27.2}% 194
\BOOKMARK [3][-]{subsubsection.4.27.2.8}{\376\377\0004\000.\0002\0007\000.\0002\000.\0008\000\040\000g\000e\000t\000W\000y\000b\000r\000a\000n\000y\000M\000i\000e\000s\000i\000a\000c\000\050\000\051}{subsection.4.27.2}% 195
\BOOKMARK [3][-]{subsubsection.4.27.2.9}{\376\377\0004\000.\0002\0007\000.\0002\000.\0009\000\040\000g\000e\000t\000W\000y\000b\000r\000a\000n\000y\000R\000o\000k\000\050\000\051}{subsection.4.27.2}% 196
\BOOKMARK [3][-]{subsubsection.4.27.2.10}{\376\377\0004\000.\0002\0007\000.\0002\000.\0001\0000\000\040\000g\000e\000t\000Z\000w\000i\000e\000r\000z\000e\000t\000a\000\050\000\051}{subsection.4.27.2}% 197
\BOOKMARK [3][-]{subsubsection.4.27.2.11}{\376\377\0004\000.\0002\0007\000.\0002\000.\0001\0001\000\040\000s\000e\000t\000I\000d\000W\000y\000b\000r\000a\000n\000e\000g\000o\000L\000e\000k\000a\000r\000z\000a\000\050\000\051}{subsection.4.27.2}% 198
\BOOKMARK [3][-]{subsubsection.4.27.2.12}{\376\377\0004\000.\0002\0007\000.\0002\000.\0001\0002\000\040\000s\000e\000t\000W\000y\000b\000r\000a\000n\000a\000G\000o\000d\000z\000i\000n\000a\000\050\000\051}{subsection.4.27.2}% 199
\BOOKMARK [3][-]{subsubsection.4.27.2.13}{\376\377\0004\000.\0002\0007\000.\0002\000.\0001\0003\000\040\000s\000e\000t\000W\000y\000b\000r\000a\000n\000a\000U\000s\000l\000u\000g\000a\000\050\000\051}{subsection.4.27.2}% 200
\BOOKMARK [3][-]{subsubsection.4.27.2.14}{\376\377\0004\000.\0002\0007\000.\0002\000.\0001\0004\000\040\000s\000e\000t\000W\000y\000b\000r\000a\000n\000e\000Z\000w\000i\000e\000r\000z\000e\000\050\000\051}{subsection.4.27.2}% 201
\BOOKMARK [3][-]{subsubsection.4.27.2.15}{\376\377\0004\000.\0002\0007\000.\0002\000.\0001\0005\000\040\000s\000e\000t\000W\000y\000b\000r\000a\000n\000y\000D\000z\000i\000e\000n\000\050\000\051}{subsection.4.27.2}% 202
\BOOKMARK [3][-]{subsubsection.4.27.2.16}{\376\377\0004\000.\0002\0007\000.\0002\000.\0001\0006\000\040\000s\000e\000t\000W\000y\000b\000r\000a\000n\000y\000M\000i\000e\000s\000i\000a\000c\000\050\000\051}{subsection.4.27.2}% 203
\BOOKMARK [3][-]{subsubsection.4.27.2.17}{\376\377\0004\000.\0002\0007\000.\0002\000.\0001\0007\000\040\000s\000e\000t\000W\000y\000b\000r\000a\000n\000y\000R\000o\000k\000\050\000\051}{subsection.4.27.2}% 204
\BOOKMARK [1][-]{section.4.28}{\376\377\0004\000.\0002\0008\000\040\000S\000p\000r\000a\000w\000d\000z\000a\000c\000z\000L\000i\000c\000z\000b\000\040\000C\000l\000a\000s\000s\000\040\000R\000e\000f\000e\000r\000e\000n\000c\000e}{chapter.4}% 205
\BOOKMARK [2][-]{subsection.4.28.1}{\376\377\0004\000.\0002\0008\000.\0001\000\040\000D\000e\000t\000a\000i\000l\000e\000d\000\040\000D\000e\000s\000c\000r\000i\000p\000t\000i\000o\000n}{section.4.28}% 206
\BOOKMARK [2][-]{subsection.4.28.2}{\376\377\0004\000.\0002\0008\000.\0002\000\040\000M\000e\000m\000b\000e\000r\000\040\000F\000u\000n\000c\000t\000i\000o\000n\000\040\000D\000o\000c\000u\000m\000e\000n\000t\000a\000t\000i\000o\000n}{section.4.28}% 207
\BOOKMARK [3][-]{subsubsection.4.28.2.1}{\376\377\0004\000.\0002\0008\000.\0002\000.\0001\000\040\000j\000e\000s\000t\000L\000i\000c\000z\000b\000a\000\050\000\051}{subsection.4.28.2}% 208
\BOOKMARK [1][-]{section.4.29}{\376\377\0004\000.\0002\0009\000\040\000U\000s\000l\000u\000g\000a\000\040\000C\000l\000a\000s\000s\000\040\000R\000e\000f\000e\000r\000e\000n\000c\000e}{chapter.4}% 209
\BOOKMARK [2][-]{subsection.4.29.1}{\376\377\0004\000.\0002\0009\000.\0001\000\040\000D\000e\000t\000a\000i\000l\000e\000d\000\040\000D\000e\000s\000c\000r\000i\000p\000t\000i\000o\000n}{section.4.29}% 210
\BOOKMARK [2][-]{subsection.4.29.2}{\376\377\0004\000.\0002\0009\000.\0002\000\040\000M\000e\000m\000b\000e\000r\000\040\000F\000u\000n\000c\000t\000i\000o\000n\000\040\000D\000o\000c\000u\000m\000e\000n\000t\000a\000t\000i\000o\000n}{section.4.29}% 211
\BOOKMARK [3][-]{subsubsection.4.29.2.1}{\376\377\0004\000.\0002\0009\000.\0002\000.\0001\000\040\000g\000e\000t\000C\000e\000n\000a\000\050\000\051}{subsection.4.29.2}% 212
\BOOKMARK [3][-]{subsubsection.4.29.2.2}{\376\377\0004\000.\0002\0009\000.\0002\000.\0002\000\040\000g\000e\000t\000N\000a\000z\000w\000a\000U\000s\000l\000u\000g\000i\000\050\000\051}{subsection.4.29.2}% 213
\BOOKMARK [3][-]{subsubsection.4.29.2.3}{\376\377\0004\000.\0002\0009\000.\0002\000.\0003\000\040\000g\000e\000t\000T\000y\000p\000U\000s\000l\000u\000g\000i\000\050\000\051}{subsection.4.29.2}% 214
\BOOKMARK [1][-]{section.4.30}{\376\377\0004\000.\0003\0000\000\040\000U\000z\000y\000t\000k\000o\000w\000n\000i\000k\000\040\000C\000l\000a\000s\000s\000\040\000R\000e\000f\000e\000r\000e\000n\000c\000e}{chapter.4}% 215
\BOOKMARK [2][-]{subsection.4.30.1}{\376\377\0004\000.\0003\0000\000.\0001\000\040\000D\000e\000t\000a\000i\000l\000e\000d\000\040\000D\000e\000s\000c\000r\000i\000p\000t\000i\000o\000n}{section.4.30}% 216
\BOOKMARK [2][-]{subsection.4.30.2}{\376\377\0004\000.\0003\0000\000.\0002\000\040\000M\000e\000m\000b\000e\000r\000\040\000F\000u\000n\000c\000t\000i\000o\000n\000\040\000D\000o\000c\000u\000m\000e\000n\000t\000a\000t\000i\000o\000n}{section.4.30}% 217
\BOOKMARK [3][-]{subsubsection.4.30.2.1}{\376\377\0004\000.\0003\0000\000.\0002\000.\0001\000\040\000g\000e\000t\000I\000d\000\050\000\051}{subsection.4.30.2}% 218
\BOOKMARK [3][-]{subsubsection.4.30.2.2}{\376\377\0004\000.\0003\0000\000.\0002\000.\0002\000\040\000g\000e\000t\000T\000y\000p\000U\000z\000y\000t\000k\000o\000w\000n\000i\000k\000a\000\050\000\051}{subsection.4.30.2}% 219
\BOOKMARK [3][-]{subsubsection.4.30.2.3}{\376\377\0004\000.\0003\0000\000.\0002\000.\0003\000\040\000z\000a\000m\000i\000e\000n\000N\000a\000T\000e\000k\000s\000t\000\050\000\051}{subsection.4.30.2}% 220
\BOOKMARK [1][-]{section.4.31}{\376\377\0004\000.\0003\0001\000\040\000W\000a\000z\000\040\000C\000l\000a\000s\000s\000\040\000R\000e\000f\000e\000r\000e\000n\000c\000e}{chapter.4}% 221
\BOOKMARK [2][-]{subsection.4.31.1}{\376\377\0004\000.\0003\0001\000.\0001\000\040\000D\000e\000t\000a\000i\000l\000e\000d\000\040\000D\000e\000s\000c\000r\000i\000p\000t\000i\000o\000n}{section.4.31}% 222
\BOOKMARK [2][-]{subsection.4.31.2}{\376\377\0004\000.\0003\0001\000.\0002\000\040\000M\000e\000m\000b\000e\000r\000\040\000F\000u\000n\000c\000t\000i\000o\000n\000\040\000D\000o\000c\000u\000m\000e\000n\000t\000a\000t\000i\000o\000n}{section.4.31}% 223
\BOOKMARK [3][-]{subsubsection.4.31.2.1}{\376\377\0004\000.\0003\0001\000.\0002\000.\0001\000\040\000d\000z\000w\000i\000e\000k\000\050\000\051}{subsection.4.31.2}% 224
\BOOKMARK [3][-]{subsubsection.4.31.2.2}{\376\377\0004\000.\0003\0001\000.\0002\000.\0002\000\040\000g\000e\000t\000W\000a\000g\000a\000\050\000\051}{subsection.4.31.2}% 225
\BOOKMARK [1][-]{section.4.32}{\376\377\0004\000.\0003\0002\000\040\000W\000i\000z\000y\000t\000a\000\040\000C\000l\000a\000s\000s\000\040\000R\000e\000f\000e\000r\000e\000n\000c\000e}{chapter.4}% 226
\BOOKMARK [2][-]{subsection.4.32.1}{\376\377\0004\000.\0003\0002\000.\0001\000\040\000D\000e\000t\000a\000i\000l\000e\000d\000\040\000D\000e\000s\000c\000r\000i\000p\000t\000i\000o\000n}{section.4.32}% 227
\BOOKMARK [2][-]{subsection.4.32.2}{\376\377\0004\000.\0003\0002\000.\0002\000\040\000M\000e\000m\000b\000e\000r\000\040\000F\000u\000n\000c\000t\000i\000o\000n\000\040\000D\000o\000c\000u\000m\000e\000n\000t\000a\000t\000i\000o\000n}{section.4.32}% 228
\BOOKMARK [3][-]{subsubsection.4.32.2.1}{\376\377\0004\000.\0003\0002\000.\0002\000.\0001\000\040\000g\000e\000t\000D\000a\000t\000a\000\050\000\051}{subsection.4.32.2}% 229
\BOOKMARK [3][-]{subsubsection.4.32.2.2}{\376\377\0004\000.\0003\0002\000.\0002\000.\0002\000\040\000g\000e\000t\000D\000a\000t\000a\000G\000o\000d\000z\000i\000n\000a\000\050\000\051}{subsection.4.32.2}% 230
\BOOKMARK [3][-]{subsubsection.4.32.2.3}{\376\377\0004\000.\0003\0002\000.\0002\000.\0003\000\040\000g\000e\000t\000G\000o\000d\000z\000i\000n\000a\000\050\000\051}{subsection.4.32.2}% 231
\BOOKMARK [3][-]{subsubsection.4.32.2.4}{\376\377\0004\000.\0003\0002\000.\0002\000.\0004\000\040\000g\000e\000t\000I\000d\000L\000e\000k\000a\000r\000z\000a\000\050\000\051}{subsection.4.32.2}% 232
\BOOKMARK [3][-]{subsubsection.4.32.2.5}{\376\377\0004\000.\0003\0002\000.\0002\000.\0005\000\040\000g\000e\000t\000I\000d\000W\000i\000z\000y\000t\000y\000\050\000\051}{subsection.4.32.2}% 233
\BOOKMARK [3][-]{subsubsection.4.32.2.6}{\376\377\0004\000.\0003\0002\000.\0002\000.\0006\000\040\000g\000e\000t\000I\000d\000W\000l\000a\000s\000c\000i\000c\000i\000e\000l\000a\000\050\000\051}{subsection.4.32.2}% 234
\BOOKMARK [3][-]{subsubsection.4.32.2.7}{\376\377\0004\000.\0003\0002\000.\0002\000.\0007\000\040\000g\000e\000t\000I\000d\000Z\000w\000i\000e\000r\000z\000e\000c\000i\000a\000\050\000\051}{subsection.4.32.2}% 235
\BOOKMARK [3][-]{subsubsection.4.32.2.8}{\376\377\0004\000.\0003\0002\000.\0002\000.\0008\000\040\000g\000e\000t\000T\000y\000p\000U\000s\000l\000u\000g\000i\000\050\000\051}{subsection.4.32.2}% 236
\BOOKMARK [3][-]{subsubsection.4.32.2.9}{\376\377\0004\000.\0003\0002\000.\0002\000.\0009\000\040\000z\000a\000m\000i\000e\000N\000a\000T\000e\000k\000s\000t\000\050\000\051}{subsection.4.32.2}% 237
\BOOKMARK [1][-]{section.4.33}{\376\377\0004\000.\0003\0003\000\040\000W\000l\000a\000s\000c\000i\000c\000i\000e\000l\000Z\000w\000i\000e\000r\000z\000e\000c\000i\000a\000\040\000C\000l\000a\000s\000s\000\040\000R\000e\000f\000e\000r\000e\000n\000c\000e}{chapter.4}% 238
\BOOKMARK [2][-]{subsection.4.33.1}{\376\377\0004\000.\0003\0003\000.\0001\000\040\000D\000e\000t\000a\000i\000l\000e\000d\000\040\000D\000e\000s\000c\000r\000i\000p\000t\000i\000o\000n}{section.4.33}% 239
\BOOKMARK [2][-]{subsection.4.33.2}{\376\377\0004\000.\0003\0003\000.\0002\000\040\000M\000e\000m\000b\000e\000r\000\040\000F\000u\000n\000c\000t\000i\000o\000n\000\040\000D\000o\000c\000u\000m\000e\000n\000t\000a\000t\000i\000o\000n}{section.4.33}% 240
\BOOKMARK [3][-]{subsubsection.4.33.2.1}{\376\377\0004\000.\0003\0003\000.\0002\000.\0001\000\040\000g\000e\000t\000I\000d\000\050\000\051}{subsection.4.33.2}% 241
\BOOKMARK [3][-]{subsubsection.4.33.2.2}{\376\377\0004\000.\0003\0003\000.\0002\000.\0002\000\040\000g\000e\000t\000I\000m\000i\000e\000\050\000\051}{subsection.4.33.2}% 242
\BOOKMARK [3][-]{subsubsection.4.33.2.3}{\376\377\0004\000.\0003\0003\000.\0002\000.\0003\000\040\000g\000e\000t\000K\000o\000d\000P\000o\000c\000z\000o\000w\000y\000\050\000\051}{subsection.4.33.2}% 243
\BOOKMARK [3][-]{subsubsection.4.33.2.4}{\376\377\0004\000.\0003\0003\000.\0002\000.\0004\000\040\000g\000e\000t\000M\000i\000a\000s\000t\000o\000\050\000\051}{subsection.4.33.2}% 244
\BOOKMARK [3][-]{subsubsection.4.33.2.5}{\376\377\0004\000.\0003\0003\000.\0002\000.\0005\000\040\000g\000e\000t\000N\000u\000m\000e\000r\000T\000e\000l\000e\000f\000o\000n\000u\000\050\000\051}{subsection.4.33.2}% 245
\BOOKMARK [3][-]{subsubsection.4.33.2.6}{\376\377\0004\000.\0003\0003\000.\0002\000.\0006\000\040\000g\000e\000t\000U\000l\000i\000c\000a\000I\000N\000u\000m\000e\000r\000D\000o\000m\000u\000\050\000\051}{subsection.4.33.2}% 246
\BOOKMARK [3][-]{subsubsection.4.33.2.7}{\376\377\0004\000.\0003\0003\000.\0002\000.\0007\000\040\000s\000e\000t\000K\000o\000d\000P\000o\000c\000z\000t\000o\000w\000y\000\050\000\051}{subsection.4.33.2}% 247
\BOOKMARK [3][-]{subsubsection.4.33.2.8}{\376\377\0004\000.\0003\0003\000.\0002\000.\0008\000\040\000s\000e\000t\000M\000i\000a\000s\000t\000o\000\050\000\051}{subsection.4.33.2}% 248
\BOOKMARK [3][-]{subsubsection.4.33.2.9}{\376\377\0004\000.\0003\0003\000.\0002\000.\0009\000\040\000s\000e\000t\000N\000u\000m\000e\000r\000T\000e\000l\000e\000f\000o\000n\000u\000\050\000\051}{subsection.4.33.2}% 249
\BOOKMARK [3][-]{subsubsection.4.33.2.10}{\376\377\0004\000.\0003\0003\000.\0002\000.\0001\0000\000\040\000s\000e\000t\000U\000l\000i\000c\000a\000I\000N\000u\000m\000e\000r\000D\000o\000m\000u\000\050\000\051}{subsection.4.33.2}% 250
\BOOKMARK [1][-]{section.4.34}{\376\377\0004\000.\0003\0004\000\040\000Z\000w\000i\000e\000r\000z\000e\000\040\000C\000l\000a\000s\000s\000\040\000R\000e\000f\000e\000r\000e\000n\000c\000e}{chapter.4}% 251
\BOOKMARK [2][-]{subsection.4.34.1}{\376\377\0004\000.\0003\0004\000.\0001\000\040\000D\000e\000t\000a\000i\000l\000e\000d\000\040\000D\000e\000s\000c\000r\000i\000p\000t\000i\000o\000n}{section.4.34}% 252
\BOOKMARK [2][-]{subsection.4.34.2}{\376\377\0004\000.\0003\0004\000.\0002\000\040\000M\000e\000m\000b\000e\000r\000\040\000F\000u\000n\000c\000t\000i\000o\000n\000\040\000D\000o\000c\000u\000m\000e\000n\000t\000a\000t\000i\000o\000n}{section.4.34}% 253
\BOOKMARK [3][-]{subsubsection.4.34.2.1}{\376\377\0004\000.\0003\0004\000.\0002\000.\0001\000\040\000d\000z\000w\000i\000e\000k\000\050\000\051}{subsection.4.34.2}% 254
\BOOKMARK [3][-]{subsubsection.4.34.2.2}{\376\377\0004\000.\0003\0004\000.\0002\000.\0002\000\040\000g\000e\000t\000I\000d\000\050\000\051}{subsection.4.34.2}% 255
\BOOKMARK [3][-]{subsubsection.4.34.2.3}{\376\377\0004\000.\0003\0004\000.\0002\000.\0003\000\040\000g\000e\000t\000I\000d\000W\000l\000a\000s\000c\000i\000c\000i\000e\000l\000a\000\050\000\051}{subsection.4.34.2}% 256
\BOOKMARK [3][-]{subsubsection.4.34.2.4}{\376\377\0004\000.\0003\0004\000.\0002\000.\0004\000\040\000g\000e\000t\000I\000m\000i\000e\000\050\000\051}{subsection.4.34.2}% 257
\BOOKMARK [3][-]{subsubsection.4.34.2.5}{\376\377\0004\000.\0003\0004\000.\0002\000.\0005\000\040\000g\000e\000t\000K\000o\000l\000o\000r\000\050\000\051}{subsection.4.34.2}% 258
\BOOKMARK [3][-]{subsubsection.4.34.2.6}{\376\377\0004\000.\0003\0004\000.\0002\000.\0006\000\040\000g\000e\000t\000l\000i\000c\000z\000a\000N\000o\000g\000\050\000\051}{subsection.4.34.2}% 259
\BOOKMARK [3][-]{subsubsection.4.34.2.7}{\376\377\0004\000.\0003\0004\000.\0002\000.\0007\000\040\000g\000e\000t\000P\000l\000e\000c\000\050\000\051}{subsection.4.34.2}% 260
\BOOKMARK [3][-]{subsubsection.4.34.2.8}{\376\377\0004\000.\0003\0004\000.\0002\000.\0008\000\040\000g\000e\000t\000U\000m\000a\000s\000z\000c\000z\000e\000n\000i\000e\000\050\000\051}{subsection.4.34.2}% 261
\BOOKMARK [3][-]{subsubsection.4.34.2.9}{\376\377\0004\000.\0003\0004\000.\0002\000.\0009\000\040\000g\000e\000t\000W\000a\000g\000a\000\050\000\051}{subsection.4.34.2}% 262
\BOOKMARK [3][-]{subsubsection.4.34.2.10}{\376\377\0004\000.\0003\0004\000.\0002\000.\0001\0000\000\040\000g\000e\000t\000W\000i\000e\000k\000\050\000\051}{subsection.4.34.2}% 263
\BOOKMARK [3][-]{subsubsection.4.34.2.11}{\376\377\0004\000.\0003\0004\000.\0002\000.\0001\0001\000\040\000s\000e\000t\000I\000m\000i\000e\000\050\000\051}{subsection.4.34.2}% 264
\BOOKMARK [3][-]{subsubsection.4.34.2.12}{\376\377\0004\000.\0003\0004\000.\0002\000.\0001\0002\000\040\000s\000e\000t\000W\000a\000g\000a\000W\000G\000r\000a\000m\000a\000c\000h\000\050\000\051}{subsection.4.34.2}% 265
\BOOKMARK [3][-]{subsubsection.4.34.2.13}{\376\377\0004\000.\0003\0004\000.\0002\000.\0001\0003\000\040\000z\000a\000m\000i\000e\000n\000N\000a\000T\000e\000k\000s\000t\000\050\000\051}{subsection.4.34.2}% 266
\BOOKMARK [2][-]{subsection.4.34.3}{\376\377\0004\000.\0003\0004\000.\0003\000\040\000M\000e\000m\000b\000e\000r\000\040\000D\000a\000t\000a\000\040\000D\000o\000c\000u\000m\000e\000n\000t\000a\000t\000i\000o\000n}{section.4.34}% 267
\BOOKMARK [3][-]{subsubsection.4.34.3.1}{\376\377\0004\000.\0003\0004\000.\0003\000.\0001\000\040\000w\000a\000g\000a\000W\000G\000r\000a\000m\000a\000c\000h}{subsection.4.34.3}% 268
\BOOKMARK [0][-]{chapter.5}{\376\377\0005\000\040\000F\000i\000l\000e\000\040\000D\000o\000c\000u\000m\000e\000n\000t\000a\000t\000i\000o\000n}{}% 269
\BOOKMARK [1][-]{section.5.1}{\376\377\0005\000.\0001\000\040\000C\000z\000y\000t\000a\000c\000z\000G\000r\000a\000f\000i\000k\000u\000P\000r\000a\000c\000y\000.\000h\000\040\000F\000i\000l\000e\000\040\000R\000e\000f\000e\000r\000e\000n\000c\000e}{chapter.5}% 270
\BOOKMARK [1][-]{section.5.2}{\376\377\0005\000.\0002\000\040\000C\000z\000y\000t\000a\000c\000z\000G\000r\000a\000f\000i\000k\000u\000P\000r\000a\000c\000y\000.\000h}{chapter.5}% 271
\BOOKMARK [1][-]{section.5.3}{\376\377\0005\000.\0003\000\040\000C\000z\000y\000t\000a\000c\000z\000L\000e\000k\000a\000r\000z\000a\000.\000h\000\040\000F\000i\000l\000e\000\040\000R\000e\000f\000e\000r\000e\000n\000c\000e}{chapter.5}% 272
\BOOKMARK [1][-]{section.5.4}{\376\377\0005\000.\0004\000\040\000C\000z\000y\000t\000a\000c\000z\000L\000e\000k\000a\000r\000z\000a\000.\000h}{chapter.5}% 273
\BOOKMARK [1][-]{section.5.5}{\376\377\0005\000.\0005\000\040\000C\000z\000y\000t\000a\000c\000z\000P\000l\000i\000k\000o\000w\000.\000h\000\040\000F\000i\000l\000e\000\040\000R\000e\000f\000e\000r\000e\000n\000c\000e}{chapter.5}% 274
\BOOKMARK [1][-]{section.5.6}{\376\377\0005\000.\0006\000\040\000C\000z\000y\000t\000a\000c\000z\000P\000l\000i\000k\000o\000w\000.\000h}{chapter.5}% 275
\BOOKMARK [1][-]{section.5.7}{\376\377\0005\000.\0007\000\040\000C\000z\000y\000t\000a\000c\000z\000U\000z\000y\000t\000k\000o\000w\000n\000i\000k\000o\000w\000.\000h\000\040\000F\000i\000l\000e\000\040\000R\000e\000f\000e\000r\000e\000n\000c\000e}{chapter.5}% 276
\BOOKMARK [1][-]{section.5.8}{\376\377\0005\000.\0008\000\040\000C\000z\000y\000t\000a\000c\000z\000U\000z\000y\000t\000k\000o\000w\000n\000i\000k\000o\000w\000.\000h}{chapter.5}% 277
\BOOKMARK [1][-]{section.5.9}{\376\377\0005\000.\0009\000\040\000C\000z\000y\000t\000a\000c\000z\000W\000i\000z\000y\000t\000.\000h\000\040\000F\000i\000l\000e\000\040\000R\000e\000f\000e\000r\000e\000n\000c\000e}{chapter.5}% 278
\BOOKMARK [1][-]{section.5.10}{\376\377\0005\000.\0001\0000\000\040\000C\000z\000y\000t\000a\000c\000z\000W\000i\000z\000y\000t\000.\000h}{chapter.5}% 279
\BOOKMARK [1][-]{section.5.11}{\376\377\0005\000.\0001\0001\000\040\000C\000z\000y\000t\000a\000c\000z\000W\000l\000a\000s\000i\000c\000i\000e\000l\000a\000Z\000w\000i\000e\000r\000z\000e\000c\000i\000a\000.\000h}{chapter.5}% 280
\BOOKMARK [1][-]{section.5.12}{\376\377\0005\000.\0001\0002\000\040\000C\000z\000y\000t\000a\000c\000z\000Z\000w\000i\000e\000r\000z\000a\000t\000.\000h\000\040\000F\000i\000l\000e\000\040\000R\000e\000f\000e\000r\000e\000n\000c\000e}{chapter.5}% 281
\BOOKMARK [1][-]{section.5.13}{\376\377\0005\000.\0001\0003\000\040\000C\000z\000y\000t\000a\000c\000z\000Z\000w\000i\000e\000r\000z\000a\000t\000.\000h}{chapter.5}% 282
\BOOKMARK [1][-]{section.5.14}{\376\377\0005\000.\0001\0004\000\040\000D\000n\000i\000T\000y\000g\000o\000d\000n\000i\000a\000.\000h\000\040\000F\000i\000l\000e\000\040\000R\000e\000f\000e\000r\000e\000n\000c\000e}{chapter.5}% 283
\BOOKMARK [1][-]{section.5.15}{\376\377\0005\000.\0001\0005\000\040\000D\000n\000i\000T\000y\000g\000o\000d\000n\000i\000a\000.\000h}{chapter.5}% 284
\BOOKMARK [1][-]{section.5.16}{\376\377\0005\000.\0001\0006\000\040\000G\000o\000d\000z\000i\000n\000y\000P\000r\000a\000c\000y\000.\000h\000\040\000F\000i\000l\000e\000\040\000R\000e\000f\000e\000r\000e\000n\000c\000e}{chapter.5}% 285
\BOOKMARK [1][-]{section.5.17}{\376\377\0005\000.\0001\0007\000\040\000G\000o\000d\000z\000i\000n\000y\000P\000r\000a\000c\000y\000.\000h}{chapter.5}% 286
\BOOKMARK [1][-]{section.5.18}{\376\377\0005\000.\0001\0008\000\040\000K\000a\000n\000a\000r\000e\000k\000.\000h\000\040\000F\000i\000l\000e\000\040\000R\000e\000f\000e\000r\000e\000n\000c\000e}{chapter.5}% 287
\BOOKMARK [1][-]{section.5.19}{\376\377\0005\000.\0001\0009\000\040\000K\000a\000n\000a\000r\000e\000k\000.\000h}{chapter.5}% 288
\BOOKMARK [1][-]{section.5.20}{\376\377\0005\000.\0002\0000\000\040\000K\000o\000t\000.\000h\000\040\000F\000i\000l\000e\000\040\000R\000e\000f\000e\000r\000e\000n\000c\000e}{chapter.5}% 289
\BOOKMARK [1][-]{section.5.21}{\376\377\0005\000.\0002\0001\000\040\000K\000o\000t\000.\000h}{chapter.5}% 290
\BOOKMARK [1][-]{section.5.22}{\376\377\0005\000.\0002\0002\000\040\000L\000e\000k\000a\000r\000z\000.\000h\000\040\000F\000i\000l\000e\000\040\000R\000e\000f\000e\000r\000e\000n\000c\000e}{chapter.5}% 291
\BOOKMARK [1][-]{section.5.23}{\376\377\0005\000.\0002\0003\000\040\000L\000e\000k\000a\000r\000z\000.\000h}{chapter.5}% 292
\BOOKMARK [1][-]{section.5.24}{\376\377\0005\000.\0002\0004\000\040\000M\000e\000n\000u\000L\000e\000k\000a\000r\000z\000a\000.\000h\000\040\000F\000i\000l\000e\000\040\000R\000e\000f\000e\000r\000e\000n\000c\000e}{chapter.5}% 293
\BOOKMARK [1][-]{section.5.25}{\376\377\0005\000.\0002\0005\000\040\000M\000e\000n\000u\000L\000e\000k\000a\000r\000z\000a\000.\000h}{chapter.5}% 294
\BOOKMARK [1][-]{section.5.26}{\376\377\0005\000.\0002\0006\000\040\000M\000e\000n\000u\000L\000o\000g\000o\000w\000a\000n\000i\000a\000.\000h\000\040\000F\000i\000l\000e\000\040\000R\000e\000f\000e\000r\000e\000n\000c\000e}{chapter.5}% 295
\BOOKMARK [1][-]{section.5.27}{\376\377\0005\000.\0002\0007\000\040\000M\000e\000n\000u\000L\000o\000g\000o\000w\000a\000n\000i\000a\000.\000h}{chapter.5}% 296
\BOOKMARK [1][-]{section.5.28}{\376\377\0005\000.\0002\0008\000\040\000M\000e\000n\000u\000L\000o\000g\000o\000w\000a\000n\000i\000a\000S\000t\000a\000t\000u\000s\000u\000.\000h\000\040\000F\000i\000l\000e\000\040\000R\000e\000f\000e\000r\000e\000n\000c\000e}{chapter.5}% 297
\BOOKMARK [1][-]{section.5.29}{\376\377\0005\000.\0002\0009\000\040\000M\000e\000n\000u\000L\000o\000g\000o\000w\000a\000n\000i\000a\000S\000t\000a\000t\000u\000s\000u\000.\000h}{chapter.5}% 298
\BOOKMARK [1][-]{section.5.30}{\376\377\0005\000.\0003\0000\000\040\000M\000e\000n\000u\000W\000l\000a\000s\000i\000c\000i\000e\000l\000a\000Z\000w\000i\000e\000r\000z\000e\000c\000i\000a\000.\000h}{chapter.5}% 299
\BOOKMARK [1][-]{section.5.31}{\376\377\0005\000.\0003\0001\000\040\000P\000a\000j\000a\000k\000.\000h\000\040\000F\000i\000l\000e\000\040\000R\000e\000f\000e\000r\000e\000n\000c\000e}{chapter.5}% 300
\BOOKMARK [1][-]{section.5.32}{\376\377\0005\000.\0003\0002\000\040\000P\000a\000j\000a\000k\000.\000h}{chapter.5}% 301
\BOOKMARK [1][-]{section.5.33}{\376\377\0005\000.\0003\0003\000\040\000P\000i\000e\000s\000.\000h\000\040\000F\000i\000l\000e\000\040\000R\000e\000f\000e\000r\000e\000n\000c\000e}{chapter.5}% 302
\BOOKMARK [1][-]{section.5.34}{\376\377\0005\000.\0003\0004\000\040\000P\000i\000e\000s\000.\000h}{chapter.5}% 303
\BOOKMARK [1][-]{section.5.35}{\376\377\0005\000.\0003\0005\000\040\000P\000l\000a\000n\000e\000r\000W\000i\000z\000y\000t\000.\000h\000\040\000F\000i\000l\000e\000\040\000R\000e\000f\000e\000r\000e\000n\000c\000e}{chapter.5}% 304
\BOOKMARK [1][-]{section.5.36}{\376\377\0005\000.\0003\0006\000\040\000P\000l\000a\000n\000e\000r\000W\000i\000z\000y\000t\000.\000h}{chapter.5}% 305
\BOOKMARK [1][-]{section.5.37}{\376\377\0005\000.\0003\0007\000\040\000P\000l\000e\000c\000.\000h\000\040\000F\000i\000l\000e\000\040\000R\000e\000f\000e\000r\000e\000n\000c\000e}{chapter.5}% 306
\BOOKMARK [1][-]{section.5.38}{\376\377\0005\000.\0003\0008\000\040\000P\000l\000e\000c\000.\000h}{chapter.5}% 307
\BOOKMARK [1][-]{section.5.39}{\376\377\0005\000.\0003\0009\000\040\000S\000e\000r\000w\000i\000s\000G\000r\000a\000f\000i\000k\000u\000P\000r\000a\000c\000y\000.\000h\000\040\000F\000i\000l\000e\000\040\000R\000e\000f\000e\000r\000e\000n\000c\000e}{chapter.5}% 308
\BOOKMARK [1][-]{section.5.40}{\376\377\0005\000.\0004\0000\000\040\000S\000e\000r\000w\000i\000s\000G\000r\000a\000f\000i\000k\000u\000P\000r\000a\000c\000y\000.\000h}{chapter.5}% 309
\BOOKMARK [1][-]{section.5.41}{\376\377\0005\000.\0004\0001\000\040\000S\000e\000r\000w\000i\000s\000L\000e\000k\000a\000r\000z\000a\000.\000h\000\040\000F\000i\000l\000e\000\040\000R\000e\000f\000e\000r\000e\000n\000c\000e}{chapter.5}% 310
\BOOKMARK [1][-]{section.5.42}{\376\377\0005\000.\0004\0002\000\040\000S\000e\000r\000w\000i\000s\000L\000e\000k\000a\000r\000z\000a\000.\000h}{chapter.5}% 311
\BOOKMARK [1][-]{section.5.43}{\376\377\0005\000.\0004\0003\000\040\000S\000e\000r\000w\000i\000s\000L\000o\000g\000o\000w\000a\000n\000i\000a\000U\000z\000y\000t\000k\000o\000w\000n\000i\000k\000a\000.\000h}{chapter.5}% 312
\BOOKMARK [1][-]{section.5.44}{\376\377\0005\000.\0004\0004\000\040\000S\000e\000r\000w\000i\000s\000U\000s\000l\000u\000g\000.\000h\000\040\000F\000i\000l\000e\000\040\000R\000e\000f\000e\000r\000e\000n\000c\000e}{chapter.5}% 313
\BOOKMARK [1][-]{section.5.45}{\376\377\0005\000.\0004\0005\000\040\000S\000e\000r\000w\000i\000s\000U\000s\000l\000u\000g\000.\000h}{chapter.5}% 314
\BOOKMARK [1][-]{section.5.46}{\376\377\0005\000.\0004\0006\000\040\000S\000e\000r\000w\000i\000s\000W\000i\000z\000y\000t\000.\000h\000\040\000F\000i\000l\000e\000\040\000R\000e\000f\000e\000r\000e\000n\000c\000e}{chapter.5}% 315
\BOOKMARK [1][-]{section.5.47}{\376\377\0005\000.\0004\0007\000\040\000S\000e\000r\000w\000i\000s\000W\000i\000z\000y\000t\000.\000h}{chapter.5}% 316
\BOOKMARK [1][-]{section.5.48}{\376\377\0005\000.\0004\0008\000\040\000S\000e\000r\000w\000i\000s\000W\000l\000a\000s\000i\000c\000i\000e\000l\000a\000Z\000w\000i\000e\000r\000z\000e\000c\000i\000a\000.\000h}{chapter.5}% 317
\BOOKMARK [1][-]{section.5.49}{\376\377\0005\000.\0004\0009\000\040\000S\000e\000r\000w\000i\000s\000Z\000w\000i\000e\000r\000z\000a\000t\000.\000h\000\040\000F\000i\000l\000e\000\040\000R\000e\000f\000e\000r\000e\000n\000c\000e}{chapter.5}% 318
\BOOKMARK [1][-]{section.5.50}{\376\377\0005\000.\0005\0000\000\040\000S\000e\000r\000w\000i\000s\000Z\000w\000i\000e\000r\000z\000a\000t\000.\000h}{chapter.5}% 319
\BOOKMARK [1][-]{section.5.51}{\376\377\0005\000.\0005\0001\000\040\000S\000e\000s\000j\000a\000L\000e\000k\000a\000r\000z\000a\000.\000h\000\040\000F\000i\000l\000e\000\040\000R\000e\000f\000e\000r\000e\000n\000c\000e}{chapter.5}% 320
\BOOKMARK [1][-]{section.5.52}{\376\377\0005\000.\0005\0002\000\040\000S\000e\000s\000j\000a\000L\000e\000k\000a\000r\000z\000a\000.\000h}{chapter.5}% 321
\BOOKMARK [1][-]{section.5.53}{\376\377\0005\000.\0005\0003\000\040\000S\000e\000s\000j\000a\000W\000l\000a\000s\000c\000i\000c\000i\000e\000l\000a\000Z\000w\000i\000e\000r\000z\000e\000c\000i\000a\000.\000h\000\040\000F\000i\000l\000e\000\040\000R\000e\000f\000e\000r\000e\000n\000c\000e}{chapter.5}% 322
\BOOKMARK [1][-]{section.5.54}{\376\377\0005\000.\0005\0004\000\040\000S\000e\000s\000j\000a\000W\000l\000a\000s\000c\000i\000c\000i\000e\000l\000a\000Z\000w\000i\000e\000r\000z\000e\000c\000i\000a\000.\000h}{chapter.5}% 323
\BOOKMARK [1][-]{section.5.55}{\376\377\0005\000.\0005\0005\000\040\000S\000p\000r\000a\000w\000d\000z\000a\000c\000z\000L\000i\000c\000z\000b\000.\000h\000\040\000F\000i\000l\000e\000\040\000R\000e\000f\000e\000r\000e\000n\000c\000e}{chapter.5}% 324
\BOOKMARK [1][-]{section.5.56}{\376\377\0005\000.\0005\0006\000\040\000S\000p\000r\000a\000w\000d\000z\000a\000c\000z\000L\000i\000c\000z\000b\000.\000h}{chapter.5}% 325
\BOOKMARK [1][-]{section.5.57}{\376\377\0005\000.\0005\0007\000\040\000S\000t\000a\000t\000u\000s\000W\000i\000z\000y\000t\000y\000.\000h}{chapter.5}% 326
\BOOKMARK [1][-]{section.5.58}{\376\377\0005\000.\0005\0008\000\040\000T\000y\000p\000U\000z\000y\000t\000k\000o\000w\000n\000i\000k\000a\000.\000h\000\040\000F\000i\000l\000e\000\040\000R\000e\000f\000e\000r\000e\000n\000c\000e}{chapter.5}% 327
\BOOKMARK [1][-]{section.5.59}{\376\377\0005\000.\0005\0009\000\040\000T\000y\000p\000U\000z\000y\000t\000k\000o\000w\000n\000i\000k\000a\000.\000h}{chapter.5}% 328
\BOOKMARK [1][-]{section.5.60}{\376\377\0005\000.\0006\0000\000\040\000U\000s\000l\000u\000g\000a\000.\000h\000\040\000F\000i\000l\000e\000\040\000R\000e\000f\000e\000r\000e\000n\000c\000e}{chapter.5}% 329
\BOOKMARK [1][-]{section.5.61}{\376\377\0005\000.\0006\0001\000\040\000U\000s\000l\000u\000g\000a\000.\000h}{chapter.5}% 330
\BOOKMARK [1][-]{section.5.62}{\376\377\0005\000.\0006\0002\000\040\000U\000z\000y\000t\000k\000o\000w\000n\000i\000k\000.\000h\000\040\000F\000i\000l\000e\000\040\000R\000e\000f\000e\000r\000e\000n\000c\000e}{chapter.5}% 331
\BOOKMARK [1][-]{section.5.63}{\376\377\0005\000.\0006\0003\000\040\000U\000z\000y\000t\000k\000o\000w\000n\000i\000k\000.\000h}{chapter.5}% 332
\BOOKMARK [1][-]{section.5.64}{\376\377\0005\000.\0006\0004\000\040\000W\000a\000z\000.\000h\000\040\000F\000i\000l\000e\000\040\000R\000e\000f\000e\000r\000e\000n\000c\000e}{chapter.5}% 333
\BOOKMARK [1][-]{section.5.65}{\376\377\0005\000.\0006\0005\000\040\000W\000a\000z\000.\000h}{chapter.5}% 334
\BOOKMARK [1][-]{section.5.66}{\376\377\0005\000.\0006\0006\000\040\000W\000i\000z\000y\000t\000a\000.\000h\000\040\000F\000i\000l\000e\000\040\000R\000e\000f\000e\000r\000e\000n\000c\000e}{chapter.5}% 335
\BOOKMARK [1][-]{section.5.67}{\376\377\0005\000.\0006\0007\000\040\000W\000i\000z\000y\000t\000a\000.\000h}{chapter.5}% 336
\BOOKMARK [1][-]{section.5.68}{\376\377\0005\000.\0006\0008\000\040\000W\000l\000a\000s\000c\000i\000c\000i\000e\000l\000Z\000w\000i\000e\000r\000z\000e\000c\000i\000a\000.\000h\000\040\000F\000i\000l\000e\000\040\000R\000e\000f\000e\000r\000e\000n\000c\000e}{chapter.5}% 337
\BOOKMARK [1][-]{section.5.69}{\376\377\0005\000.\0006\0009\000\040\000W\000l\000a\000s\000c\000i\000c\000i\000e\000l\000Z\000w\000i\000e\000r\000z\000e\000c\000i\000a\000.\000h}{chapter.5}% 338
\BOOKMARK [1][-]{section.5.70}{\376\377\0005\000.\0007\0000\000\040\000Z\000w\000i\000e\000r\000z\000e\000.\000h\000\040\000F\000i\000l\000e\000\040\000R\000e\000f\000e\000r\000e\000n\000c\000e}{chapter.5}% 339
\BOOKMARK [1][-]{section.5.71}{\376\377\0005\000.\0007\0001\000\040\000Z\000w\000i\000e\000r\000z\000e\000.\000h}{chapter.5}% 340
\BOOKMARK [0][-]{section*.114}{\376\377\000I\000n\000d\000e\000x}{}% 341
